2025-05-11 22:18:01.129 | INFO     | hcpdiff.loggers.cli_logger:_info:32 - world_size: 1
2025-05-11 22:18:01.129 | INFO     | hcpdiff.loggers.cli_logger:_info:32 - accumulation: 1
2025-05-11 22:19:33.100 | INFO     | hcpdiff.data.bucket:build_buckets_from_images:239 - build buckets from images size
2025-05-11 22:28:57.565 | INFO     | hcpdiff.data.bucket:build_buckets_from_images:260 - buckets info: size:[424 424], num:28289
2025-05-11 22:28:57.569 | INFO     | hcpdiff.loggers.cli_logger:_info:32 - len(train_dataset): 28304
2025-05-11 22:55:06.684 | INFO     | hcpdiff.loggers.cli_logger:_info:32 - unet trainable params: 859.5M; text encoder trainable params: 123.1M
2025-05-11 22:55:38.710 | INFO     | hcpdiff.loggers.cli_logger:_info:32 - ***** Running training *****
2025-05-11 22:55:38.711 | INFO     | hcpdiff.loggers.cli_logger:_info:32 -   Num batches each epoch = 1769
2025-05-11 22:55:38.711 | INFO     | hcpdiff.loggers.cli_logger:_info:32 -   Num Steps = 10000
2025-05-11 22:55:38.711 | INFO     | hcpdiff.loggers.cli_logger:_info:32 -   Instantaneous batch size per device = 16
2025-05-11 22:55:38.711 | INFO     | hcpdiff.loggers.cli_logger:_info:32 -   Total train batch size (w. parallel, distributed & accumulation) = 16
2025-05-11 22:55:38.711 | INFO     | hcpdiff.loggers.cli_logger:_info:32 -   Gradient Accumulation steps = 1
2025-05-11 22:56:32.192 | INFO     | hcpdiff.loggers.cli_logger:_log:35 - Step = [20/10000], Epoch = [0/6]<20/1769>, LR_model = 7.35e-08, LR_word = 0.00e+00, Loss = 0.19636
2025-05-11 22:56:53.359 | INFO     | hcpdiff.loggers.cli_logger:_log:35 - Step = [40/10000], Epoch = [0/6]<40/1769>, LR_model = 1.02e-07, LR_word = 0.00e+00, Loss = 0.18794
2025-05-11 22:57:14.798 | INFO     | hcpdiff.loggers.cli_logger:_log:35 - Step = [60/10000], Epoch = [0/6]<60/1769>, LR_model = 1.48e-07, LR_word = 0.00e+00, Loss = 0.19546
2025-05-11 22:57:36.392 | INFO     | hcpdiff.loggers.cli_logger:_log:35 - Step = [80/10000], Epoch = [0/6]<80/1769>, LR_model = 2.11e-07, LR_word = 0.00e+00, Loss = 0.18923
2025-05-11 22:57:58.203 | INFO     | hcpdiff.loggers.cli_logger:_log:35 - Step = [100/10000], Epoch = [0/6]<100/1769>, LR_model = 2.90e-07, LR_word = 0.00e+00, Loss = 0.17876
2025-05-11 22:58:20.259 | INFO     | hcpdiff.loggers.cli_logger:_log:35 - Step = [120/10000], Epoch = [0/6]<120/1769>, LR_model = 3.82e-07, LR_word = 0.00e+00, Loss = 0.20200
2025-05-11 22:58:42.367 | INFO     | hcpdiff.loggers.cli_logger:_log:35 - Step = [140/10000], Epoch = [0/6]<140/1769>, LR_model = 4.85e-07, LR_word = 0.00e+00, Loss = 0.18834
2025-05-11 22:59:04.628 | INFO     | hcpdiff.loggers.cli_logger:_log:35 - Step = [160/10000], Epoch = [0/6]<160/1769>, LR_model = 5.97e-07, LR_word = 0.00e+00, Loss = 0.19414
2025-05-11 22:59:27.142 | INFO     | hcpdiff.loggers.cli_logger:_log:35 - Step = [180/10000], Epoch = [0/6]<180/1769>, LR_model = 7.15e-07, LR_word = 0.00e+00, Loss = 0.19644
2025-05-11 22:59:49.734 | INFO     | hcpdiff.loggers.cli_logger:_log:35 - Step = [200/10000], Epoch = [0/6]<200/1769>, LR_model = 8.35e-07, LR_word = 0.00e+00, Loss = 0.21286
2025-05-11 23:00:12.231 | INFO     | hcpdiff.loggers.cli_logger:_log:35 - Step = [220/10000], Epoch = [0/6]<220/1769>, LR_model = 9.55e-07, LR_word = 0.00e+00, Loss = 0.18975
2025-05-11 23:00:34.853 | INFO     | hcpdiff.loggers.cli_logger:_log:35 - Step = [240/10000], Epoch = [0/6]<240/1769>, LR_model = 1.07e-06, LR_word = 0.00e+00, Loss = 0.21686
2025-05-11 23:00:57.711 | INFO     | hcpdiff.loggers.cli_logger:_log:35 - Step = [260/10000], Epoch = [0/6]<260/1769>, LR_model = 1.18e-06, LR_word = 0.00e+00, Loss = 0.18443
2025-05-11 23:01:20.412 | INFO     | hcpdiff.loggers.cli_logger:_log:35 - Step = [280/10000], Epoch = [0/6]<280/1769>, LR_model = 1.29e-06, LR_word = 0.00e+00, Loss = 0.20030
2025-05-11 23:01:43.273 | INFO     | hcpdiff.loggers.cli_logger:_log:35 - Step = [300/10000], Epoch = [0/6]<300/1769>, LR_model = 1.38e-06, LR_word = 0.00e+00, Loss = 0.18158
2025-05-11 23:02:06.810 | INFO     | hcpdiff.loggers.cli_logger:_log:35 - Step = [320/10000], Epoch = [0/6]<320/1769>, LR_model = 1.46e-06, LR_word = 0.00e+00, Loss = 0.17923
2025-05-11 23:02:29.768 | INFO     | hcpdiff.loggers.cli_logger:_log:35 - Step = [340/10000], Epoch = [0/6]<340/1769>, LR_model = 1.52e-06, LR_word = 0.00e+00, Loss = 0.19135
2025-05-11 23:02:55.100 | INFO     | hcpdiff.loggers.cli_logger:_log:35 - Step = [360/10000], Epoch = [0/6]<360/1769>, LR_model = 1.56e-06, LR_word = 0.00e+00, Loss = 0.19355
2025-05-11 23:03:19.254 | INFO     | hcpdiff.loggers.cli_logger:_log:35 - Step = [380/10000], Epoch = [0/6]<380/1769>, LR_model = 1.59e-06, LR_word = 0.00e+00, Loss = 0.18400
2025-05-11 23:03:42.602 | INFO     | hcpdiff.loggers.cli_logger:_log:35 - Step = [400/10000], Epoch = [0/6]<400/1769>, LR_model = 1.60e-06, LR_word = 0.00e+00, Loss = 0.19500
2025-05-11 23:04:06.077 | INFO     | hcpdiff.loggers.cli_logger:_log:35 - Step = [420/10000], Epoch = [0/6]<420/1769>, LR_model = 1.60e-06, LR_word = 0.00e+00, Loss = 0.20091
2025-05-11 23:04:29.163 | INFO     | hcpdiff.loggers.cli_logger:_log:35 - Step = [440/10000], Epoch = [0/6]<440/1769>, LR_model = 1.60e-06, LR_word = 0.00e+00, Loss = 0.18950
2025-05-11 23:04:52.032 | INFO     | hcpdiff.loggers.cli_logger:_log:35 - Step = [460/10000], Epoch = [0/6]<460/1769>, LR_model = 1.60e-06, LR_word = 0.00e+00, Loss = 0.18814
2025-05-11 23:05:14.832 | INFO     | hcpdiff.loggers.cli_logger:_log:35 - Step = [480/10000], Epoch = [0/6]<480/1769>, LR_model = 1.60e-06, LR_word = 0.00e+00, Loss = 0.17321
2025-05-11 23:05:37.620 | INFO     | hcpdiff.loggers.cli_logger:_log:35 - Step = [500/10000], Epoch = [0/6]<500/1769>, LR_model = 1.60e-06, LR_word = 0.00e+00, Loss = 0.19855
2025-05-11 23:06:00.448 | INFO     | hcpdiff.loggers.cli_logger:_log:35 - Step = [520/10000], Epoch = [0/6]<520/1769>, LR_model = 1.60e-06, LR_word = 0.00e+00, Loss = 0.19023
2025-05-11 23:06:23.199 | INFO     | hcpdiff.loggers.cli_logger:_log:35 - Step = [540/10000], Epoch = [0/6]<540/1769>, LR_model = 1.60e-06, LR_word = 0.00e+00, Loss = 0.20330
2025-05-11 23:06:45.964 | INFO     | hcpdiff.loggers.cli_logger:_log:35 - Step = [560/10000], Epoch = [0/6]<560/1769>, LR_model = 1.60e-06, LR_word = 0.00e+00, Loss = 0.20078
2025-05-11 23:07:08.694 | INFO     | hcpdiff.loggers.cli_logger:_log:35 - Step = [580/10000], Epoch = [0/6]<580/1769>, LR_model = 1.60e-06, LR_word = 0.00e+00, Loss = 0.20404
2025-05-11 23:07:31.431 | INFO     | hcpdiff.loggers.cli_logger:_log:35 - Step = [600/10000], Epoch = [0/6]<600/1769>, LR_model = 1.60e-06, LR_word = 0.00e+00, Loss = 0.18125
2025-05-11 23:07:54.253 | INFO     | hcpdiff.loggers.cli_logger:_log:35 - Step = [620/10000], Epoch = [0/6]<620/1769>, LR_model = 1.60e-06, LR_word = 0.00e+00, Loss = 0.19561
2025-05-11 23:08:17.395 | INFO     | hcpdiff.loggers.cli_logger:_log:35 - Step = [640/10000], Epoch = [0/6]<640/1769>, LR_model = 1.60e-06, LR_word = 0.00e+00, Loss = 0.18391
2025-05-11 23:08:40.204 | INFO     | hcpdiff.loggers.cli_logger:_log:35 - Step = [660/10000], Epoch = [0/6]<660/1769>, LR_model = 1.60e-06, LR_word = 0.00e+00, Loss = 0.18042
2025-05-11 23:09:02.670 | INFO     | hcpdiff.loggers.cli_logger:_log:35 - Step = [680/10000], Epoch = [0/6]<680/1769>, LR_model = 1.60e-06, LR_word = 0.00e+00, Loss = 0.17121
2025-05-11 23:09:25.708 | INFO     | hcpdiff.loggers.cli_logger:_log:35 - Step = [700/10000], Epoch = [0/6]<700/1769>, LR_model = 1.60e-06, LR_word = 0.00e+00, Loss = 0.18336
2025-05-11 23:09:48.331 | INFO     | hcpdiff.loggers.cli_logger:_log:35 - Step = [720/10000], Epoch = [0/6]<720/1769>, LR_model = 1.60e-06, LR_word = 0.00e+00, Loss = 0.18140
2025-05-11 23:10:11.050 | INFO     | hcpdiff.loggers.cli_logger:_log:35 - Step = [740/10000], Epoch = [0/6]<740/1769>, LR_model = 1.60e-06, LR_word = 0.00e+00, Loss = 0.18407
2025-05-11 23:10:33.817 | INFO     | hcpdiff.loggers.cli_logger:_log:35 - Step = [760/10000], Epoch = [0/6]<760/1769>, LR_model = 1.59e-06, LR_word = 0.00e+00, Loss = 0.17032
2025-05-11 23:10:56.552 | INFO     | hcpdiff.loggers.cli_logger:_log:35 - Step = [780/10000], Epoch = [0/6]<780/1769>, LR_model = 1.59e-06, LR_word = 0.00e+00, Loss = 0.18130
2025-05-11 23:11:19.247 | INFO     | hcpdiff.loggers.cli_logger:_log:35 - Step = [800/10000], Epoch = [0/6]<800/1769>, LR_model = 1.59e-06, LR_word = 0.00e+00, Loss = 0.19163
2025-05-11 23:11:42.398 | INFO     | hcpdiff.loggers.cli_logger:_log:35 - Step = [820/10000], Epoch = [0/6]<820/1769>, LR_model = 1.59e-06, LR_word = 0.00e+00, Loss = 0.18008
2025-05-11 23:12:05.189 | INFO     | hcpdiff.loggers.cli_logger:_log:35 - Step = [840/10000], Epoch = [0/6]<840/1769>, LR_model = 1.59e-06, LR_word = 0.00e+00, Loss = 0.17790
2025-05-11 23:12:27.986 | INFO     | hcpdiff.loggers.cli_logger:_log:35 - Step = [860/10000], Epoch = [0/6]<860/1769>, LR_model = 1.59e-06, LR_word = 0.00e+00, Loss = 0.19879
2025-05-11 23:12:50.750 | INFO     | hcpdiff.loggers.cli_logger:_log:35 - Step = [880/10000], Epoch = [0/6]<880/1769>, LR_model = 1.59e-06, LR_word = 0.00e+00, Loss = 0.17246
2025-05-11 23:13:13.544 | INFO     | hcpdiff.loggers.cli_logger:_log:35 - Step = [900/10000], Epoch = [0/6]<900/1769>, LR_model = 1.59e-06, LR_word = 0.00e+00, Loss = 0.20825
2025-05-11 23:13:36.293 | INFO     | hcpdiff.loggers.cli_logger:_log:35 - Step = [920/10000], Epoch = [0/6]<920/1769>, LR_model = 1.59e-06, LR_word = 0.00e+00, Loss = 0.19721
2025-05-11 23:13:59.418 | INFO     | hcpdiff.loggers.cli_logger:_log:35 - Step = [940/10000], Epoch = [0/6]<940/1769>, LR_model = 1.59e-06, LR_word = 0.00e+00, Loss = 0.18132
2025-05-11 23:14:22.425 | INFO     | hcpdiff.loggers.cli_logger:_log:35 - Step = [960/10000], Epoch = [0/6]<960/1769>, LR_model = 1.59e-06, LR_word = 0.00e+00, Loss = 0.19725
2025-05-11 23:14:45.339 | INFO     | hcpdiff.loggers.cli_logger:_log:35 - Step = [980/10000], Epoch = [0/6]<980/1769>, LR_model = 1.59e-06, LR_word = 0.00e+00, Loss = 0.18088
2025-05-11 23:15:19.134 | INFO     | hcpdiff.loggers.cli_logger:_info:32 - Saved state, step: 1000
2025-05-11 23:15:19.135 | INFO     | hcpdiff.loggers.cli_logger:_log:35 - Step = [1000/10000], Epoch = [0/6]<1000/1769>, LR_model = 1.58e-06, LR_word = 0.00e+00, Loss = 0.19508
2025-05-11 23:15:41.227 | INFO     | hcpdiff.loggers.cli_logger:_log:35 - Step = [1020/10000], Epoch = [0/6]<1020/1769>, LR_model = 1.58e-06, LR_word = 0.00e+00, Loss = 0.17787
2025-05-11 23:16:03.439 | INFO     | hcpdiff.loggers.cli_logger:_log:35 - Step = [1040/10000], Epoch = [0/6]<1040/1769>, LR_model = 1.58e-06, LR_word = 0.00e+00, Loss = 0.18368
2025-05-11 23:16:26.112 | INFO     | hcpdiff.loggers.cli_logger:_log:35 - Step = [1060/10000], Epoch = [0/6]<1060/1769>, LR_model = 1.58e-06, LR_word = 0.00e+00, Loss = 0.17878
2025-05-11 23:16:48.920 | INFO     | hcpdiff.loggers.cli_logger:_log:35 - Step = [1080/10000], Epoch = [0/6]<1080/1769>, LR_model = 1.58e-06, LR_word = 0.00e+00, Loss = 0.19046
2025-05-11 23:17:11.665 | INFO     | hcpdiff.loggers.cli_logger:_log:35 - Step = [1100/10000], Epoch = [0/6]<1100/1769>, LR_model = 1.58e-06, LR_word = 0.00e+00, Loss = 0.19315
2025-05-11 23:17:34.557 | INFO     | hcpdiff.loggers.cli_logger:_log:35 - Step = [1120/10000], Epoch = [0/6]<1120/1769>, LR_model = 1.58e-06, LR_word = 0.00e+00, Loss = 0.17829
2025-05-11 23:17:57.336 | INFO     | hcpdiff.loggers.cli_logger:_log:35 - Step = [1140/10000], Epoch = [0/6]<1140/1769>, LR_model = 1.58e-06, LR_word = 0.00e+00, Loss = 0.19534
2025-05-11 23:18:20.448 | INFO     | hcpdiff.loggers.cli_logger:_log:35 - Step = [1160/10000], Epoch = [0/6]<1160/1769>, LR_model = 1.58e-06, LR_word = 0.00e+00, Loss = 0.19942
2025-05-11 23:18:43.424 | INFO     | hcpdiff.loggers.cli_logger:_log:35 - Step = [1180/10000], Epoch = [0/6]<1180/1769>, LR_model = 1.57e-06, LR_word = 0.00e+00, Loss = 0.20023
2025-05-11 23:19:06.263 | INFO     | hcpdiff.loggers.cli_logger:_log:35 - Step = [1200/10000], Epoch = [0/6]<1200/1769>, LR_model = 1.57e-06, LR_word = 0.00e+00, Loss = 0.17818
2025-05-11 23:19:29.091 | INFO     | hcpdiff.loggers.cli_logger:_log:35 - Step = [1220/10000], Epoch = [0/6]<1220/1769>, LR_model = 1.57e-06, LR_word = 0.00e+00, Loss = 0.18594
2025-05-11 23:19:52.154 | INFO     | hcpdiff.loggers.cli_logger:_log:35 - Step = [1240/10000], Epoch = [0/6]<1240/1769>, LR_model = 1.57e-06, LR_word = 0.00e+00, Loss = 0.18684
2025-05-11 23:20:14.860 | INFO     | hcpdiff.loggers.cli_logger:_log:35 - Step = [1260/10000], Epoch = [0/6]<1260/1769>, LR_model = 1.57e-06, LR_word = 0.00e+00, Loss = 0.18041
2025-05-11 23:20:37.851 | INFO     | hcpdiff.loggers.cli_logger:_log:35 - Step = [1280/10000], Epoch = [0/6]<1280/1769>, LR_model = 1.57e-06, LR_word = 0.00e+00, Loss = 0.20814
2025-05-11 23:21:00.828 | INFO     | hcpdiff.loggers.cli_logger:_log:35 - Step = [1300/10000], Epoch = [0/6]<1300/1769>, LR_model = 1.57e-06, LR_word = 0.00e+00, Loss = 0.19546
2025-05-11 23:21:23.553 | INFO     | hcpdiff.loggers.cli_logger:_log:35 - Step = [1320/10000], Epoch = [0/6]<1320/1769>, LR_model = 1.56e-06, LR_word = 0.00e+00, Loss = 0.16036
2025-05-11 23:21:46.608 | INFO     | hcpdiff.loggers.cli_logger:_log:35 - Step = [1340/10000], Epoch = [0/6]<1340/1769>, LR_model = 1.56e-06, LR_word = 0.00e+00, Loss = 0.18849
2025-05-11 23:22:09.523 | INFO     | hcpdiff.loggers.cli_logger:_log:35 - Step = [1360/10000], Epoch = [0/6]<1360/1769>, LR_model = 1.56e-06, LR_word = 0.00e+00, Loss = 0.20344
2025-05-11 23:22:32.167 | INFO     | hcpdiff.loggers.cli_logger:_log:35 - Step = [1380/10000], Epoch = [0/6]<1380/1769>, LR_model = 1.56e-06, LR_word = 0.00e+00, Loss = 0.19058
2025-05-11 23:22:54.976 | INFO     | hcpdiff.loggers.cli_logger:_log:35 - Step = [1400/10000], Epoch = [0/6]<1400/1769>, LR_model = 1.56e-06, LR_word = 0.00e+00, Loss = 0.18939
2025-05-11 23:23:17.835 | INFO     | hcpdiff.loggers.cli_logger:_log:35 - Step = [1420/10000], Epoch = [0/6]<1420/1769>, LR_model = 1.56e-06, LR_word = 0.00e+00, Loss = 0.19340
2025-05-11 23:23:40.521 | INFO     | hcpdiff.loggers.cli_logger:_log:35 - Step = [1440/10000], Epoch = [0/6]<1440/1769>, LR_model = 1.55e-06, LR_word = 0.00e+00, Loss = 0.18649
2025-05-11 23:24:03.361 | INFO     | hcpdiff.loggers.cli_logger:_log:35 - Step = [1460/10000], Epoch = [0/6]<1460/1769>, LR_model = 1.55e-06, LR_word = 0.00e+00, Loss = 0.17284
2025-05-11 23:24:26.128 | INFO     | hcpdiff.loggers.cli_logger:_log:35 - Step = [1480/10000], Epoch = [0/6]<1480/1769>, LR_model = 1.55e-06, LR_word = 0.00e+00, Loss = 0.20950
2025-05-11 23:24:48.863 | INFO     | hcpdiff.loggers.cli_logger:_log:35 - Step = [1500/10000], Epoch = [0/6]<1500/1769>, LR_model = 1.55e-06, LR_word = 0.00e+00, Loss = 0.18522
2025-05-11 23:25:11.741 | INFO     | hcpdiff.loggers.cli_logger:_log:35 - Step = [1520/10000], Epoch = [0/6]<1520/1769>, LR_model = 1.55e-06, LR_word = 0.00e+00, Loss = 0.18911
2025-05-11 23:25:34.558 | INFO     | hcpdiff.loggers.cli_logger:_log:35 - Step = [1540/10000], Epoch = [0/6]<1540/1769>, LR_model = 1.54e-06, LR_word = 0.00e+00, Loss = 0.19427
2025-05-11 23:25:57.267 | INFO     | hcpdiff.loggers.cli_logger:_log:35 - Step = [1560/10000], Epoch = [0/6]<1560/1769>, LR_model = 1.54e-06, LR_word = 0.00e+00, Loss = 0.19005
2025-05-11 23:26:20.047 | INFO     | hcpdiff.loggers.cli_logger:_log:35 - Step = [1580/10000], Epoch = [0/6]<1580/1769>, LR_model = 1.54e-06, LR_word = 0.00e+00, Loss = 0.18523
2025-05-11 23:26:42.950 | INFO     | hcpdiff.loggers.cli_logger:_log:35 - Step = [1600/10000], Epoch = [0/6]<1600/1769>, LR_model = 1.54e-06, LR_word = 0.00e+00, Loss = 0.19062
2025-05-11 23:27:05.694 | INFO     | hcpdiff.loggers.cli_logger:_log:35 - Step = [1620/10000], Epoch = [0/6]<1620/1769>, LR_model = 1.54e-06, LR_word = 0.00e+00, Loss = 0.20687
2025-05-11 23:27:28.616 | INFO     | hcpdiff.loggers.cli_logger:_log:35 - Step = [1640/10000], Epoch = [0/6]<1640/1769>, LR_model = 1.53e-06, LR_word = 0.00e+00, Loss = 0.17999
2025-05-11 23:27:51.429 | INFO     | hcpdiff.loggers.cli_logger:_log:35 - Step = [1660/10000], Epoch = [0/6]<1660/1769>, LR_model = 1.53e-06, LR_word = 0.00e+00, Loss = 0.18945
2025-05-11 23:28:14.183 | INFO     | hcpdiff.loggers.cli_logger:_log:35 - Step = [1680/10000], Epoch = [0/6]<1680/1769>, LR_model = 1.53e-06, LR_word = 0.00e+00, Loss = 0.18707
2025-05-11 23:28:37.095 | INFO     | hcpdiff.loggers.cli_logger:_log:35 - Step = [1700/10000], Epoch = [0/6]<1700/1769>, LR_model = 1.53e-06, LR_word = 0.00e+00, Loss = 0.19377
2025-05-11 23:28:59.951 | INFO     | hcpdiff.loggers.cli_logger:_log:35 - Step = [1720/10000], Epoch = [0/6]<1720/1769>, LR_model = 1.53e-06, LR_word = 0.00e+00, Loss = 0.19551
2025-05-11 23:29:22.647 | INFO     | hcpdiff.loggers.cli_logger:_log:35 - Step = [1740/10000], Epoch = [0/6]<1740/1769>, LR_model = 1.52e-06, LR_word = 0.00e+00, Loss = 0.18865
2025-05-11 23:29:45.455 | INFO     | hcpdiff.loggers.cli_logger:_log:35 - Step = [1760/10000], Epoch = [0/6]<1760/1769>, LR_model = 1.52e-06, LR_word = 0.00e+00, Loss = 0.17015
2025-05-11 23:30:10.026 | INFO     | hcpdiff.loggers.cli_logger:_log:35 - Step = [1780/10000], Epoch = [1/6]<11/1769>, LR_model = 1.52e-06, LR_word = 0.00e+00, Loss = 0.19452
2025-05-11 23:30:32.616 | INFO     | hcpdiff.loggers.cli_logger:_log:35 - Step = [1800/10000], Epoch = [1/6]<31/1769>, LR_model = 1.52e-06, LR_word = 0.00e+00, Loss = 0.18427
2025-05-11 23:30:58.341 | INFO     | hcpdiff.loggers.cli_logger:_log:35 - Step = [1820/10000], Epoch = [1/6]<51/1769>, LR_model = 1.52e-06, LR_word = 0.00e+00, Loss = 0.18253
2025-05-11 23:31:21.156 | INFO     | hcpdiff.loggers.cli_logger:_log:35 - Step = [1840/10000], Epoch = [1/6]<71/1769>, LR_model = 1.51e-06, LR_word = 0.00e+00, Loss = 0.19820
2025-05-11 23:31:43.787 | INFO     | hcpdiff.loggers.cli_logger:_log:35 - Step = [1860/10000], Epoch = [1/6]<91/1769>, LR_model = 1.51e-06, LR_word = 0.00e+00, Loss = 0.18246
2025-05-11 23:32:06.613 | INFO     | hcpdiff.loggers.cli_logger:_log:35 - Step = [1880/10000], Epoch = [1/6]<111/1769>, LR_model = 1.51e-06, LR_word = 0.00e+00, Loss = 0.18357
2025-05-11 23:32:29.413 | INFO     | hcpdiff.loggers.cli_logger:_log:35 - Step = [1900/10000], Epoch = [1/6]<131/1769>, LR_model = 1.51e-06, LR_word = 0.00e+00, Loss = 0.18671
2025-05-11 23:32:52.535 | INFO     | hcpdiff.loggers.cli_logger:_log:35 - Step = [1920/10000], Epoch = [1/6]<151/1769>, LR_model = 1.50e-06, LR_word = 0.00e+00, Loss = 0.18175
2025-05-11 23:33:15.961 | INFO     | hcpdiff.loggers.cli_logger:_log:35 - Step = [1940/10000], Epoch = [1/6]<171/1769>, LR_model = 1.50e-06, LR_word = 0.00e+00, Loss = 0.19181
2025-05-11 23:33:38.744 | INFO     | hcpdiff.loggers.cli_logger:_log:35 - Step = [1960/10000], Epoch = [1/6]<191/1769>, LR_model = 1.50e-06, LR_word = 0.00e+00, Loss = 0.18564
2025-05-11 23:34:01.720 | INFO     | hcpdiff.loggers.cli_logger:_log:35 - Step = [1980/10000], Epoch = [1/6]<211/1769>, LR_model = 1.50e-06, LR_word = 0.00e+00, Loss = 0.18609
2025-05-11 23:34:35.262 | INFO     | hcpdiff.loggers.cli_logger:_info:32 - Saved state, step: 2000
2025-05-11 23:34:35.263 | INFO     | hcpdiff.loggers.cli_logger:_log:35 - Step = [2000/10000], Epoch = [1/6]<231/1769>, LR_model = 1.49e-06, LR_word = 0.00e+00, Loss = 0.19409
2025-05-11 23:34:57.339 | INFO     | hcpdiff.loggers.cli_logger:_log:35 - Step = [2020/10000], Epoch = [1/6]<251/1769>, LR_model = 1.49e-06, LR_word = 0.00e+00, Loss = 0.19364
2025-05-11 23:35:19.716 | INFO     | hcpdiff.loggers.cli_logger:_log:35 - Step = [2040/10000], Epoch = [1/6]<271/1769>, LR_model = 1.49e-06, LR_word = 0.00e+00, Loss = 0.19516
2025-05-11 23:35:43.059 | INFO     | hcpdiff.loggers.cli_logger:_log:35 - Step = [2060/10000], Epoch = [1/6]<291/1769>, LR_model = 1.48e-06, LR_word = 0.00e+00, Loss = 0.18481
2025-05-11 23:36:06.941 | INFO     | hcpdiff.loggers.cli_logger:_log:35 - Step = [2080/10000], Epoch = [1/6]<311/1769>, LR_model = 1.48e-06, LR_word = 0.00e+00, Loss = 0.18570
2025-05-11 23:36:29.682 | INFO     | hcpdiff.loggers.cli_logger:_log:35 - Step = [2100/10000], Epoch = [1/6]<331/1769>, LR_model = 1.48e-06, LR_word = 0.00e+00, Loss = 0.18467
2025-05-11 23:36:52.706 | INFO     | hcpdiff.loggers.cli_logger:_log:35 - Step = [2120/10000], Epoch = [1/6]<351/1769>, LR_model = 1.48e-06, LR_word = 0.00e+00, Loss = 0.18254
2025-05-11 23:37:15.274 | INFO     | hcpdiff.loggers.cli_logger:_log:35 - Step = [2140/10000], Epoch = [1/6]<371/1769>, LR_model = 1.47e-06, LR_word = 0.00e+00, Loss = 0.18528
2025-05-11 23:37:38.012 | INFO     | hcpdiff.loggers.cli_logger:_log:35 - Step = [2160/10000], Epoch = [1/6]<391/1769>, LR_model = 1.47e-06, LR_word = 0.00e+00, Loss = 0.17694
2025-05-11 23:38:00.916 | INFO     | hcpdiff.loggers.cli_logger:_log:35 - Step = [2180/10000], Epoch = [1/6]<411/1769>, LR_model = 1.47e-06, LR_word = 0.00e+00, Loss = 0.18780
2025-05-11 23:38:23.462 | INFO     | hcpdiff.loggers.cli_logger:_log:35 - Step = [2200/10000], Epoch = [1/6]<431/1769>, LR_model = 1.47e-06, LR_word = 0.00e+00, Loss = 0.18050
2025-05-11 23:38:47.295 | INFO     | hcpdiff.loggers.cli_logger:_log:35 - Step = [2220/10000], Epoch = [1/6]<451/1769>, LR_model = 1.46e-06, LR_word = 0.00e+00, Loss = 0.19551
2025-05-11 23:39:13.950 | INFO     | hcpdiff.loggers.cli_logger:_log:35 - Step = [2240/10000], Epoch = [1/6]<471/1769>, LR_model = 1.46e-06, LR_word = 0.00e+00, Loss = 0.18764
2025-05-11 23:39:36.348 | INFO     | hcpdiff.loggers.cli_logger:_log:35 - Step = [2260/10000], Epoch = [1/6]<491/1769>, LR_model = 1.46e-06, LR_word = 0.00e+00, Loss = 0.18604
2025-05-11 23:39:58.978 | INFO     | hcpdiff.loggers.cli_logger:_log:35 - Step = [2280/10000], Epoch = [1/6]<511/1769>, LR_model = 1.45e-06, LR_word = 0.00e+00, Loss = 0.17280
2025-05-11 23:40:22.525 | INFO     | hcpdiff.loggers.cli_logger:_log:35 - Step = [2300/10000], Epoch = [1/6]<531/1769>, LR_model = 1.45e-06, LR_word = 0.00e+00, Loss = 0.19327
2025-05-11 23:40:45.028 | INFO     | hcpdiff.loggers.cli_logger:_log:35 - Step = [2320/10000], Epoch = [1/6]<551/1769>, LR_model = 1.45e-06, LR_word = 0.00e+00, Loss = 0.18946
2025-05-11 23:41:07.678 | INFO     | hcpdiff.loggers.cli_logger:_log:35 - Step = [2340/10000], Epoch = [1/6]<571/1769>, LR_model = 1.44e-06, LR_word = 0.00e+00, Loss = 0.19544
2025-05-11 23:41:30.662 | INFO     | hcpdiff.loggers.cli_logger:_log:35 - Step = [2360/10000], Epoch = [1/6]<591/1769>, LR_model = 1.44e-06, LR_word = 0.00e+00, Loss = 0.20003
2025-05-11 23:41:53.278 | INFO     | hcpdiff.loggers.cli_logger:_log:35 - Step = [2380/10000], Epoch = [1/6]<611/1769>, LR_model = 1.44e-06, LR_word = 0.00e+00, Loss = 0.17044
2025-05-11 23:42:16.054 | INFO     | hcpdiff.loggers.cli_logger:_log:35 - Step = [2400/10000], Epoch = [1/6]<631/1769>, LR_model = 1.43e-06, LR_word = 0.00e+00, Loss = 0.19129
2025-05-11 23:42:38.934 | INFO     | hcpdiff.loggers.cli_logger:_log:35 - Step = [2420/10000], Epoch = [1/6]<651/1769>, LR_model = 1.43e-06, LR_word = 0.00e+00, Loss = 0.18207
2025-05-11 23:43:01.626 | INFO     | hcpdiff.loggers.cli_logger:_log:35 - Step = [2440/10000], Epoch = [1/6]<671/1769>, LR_model = 1.43e-06, LR_word = 0.00e+00, Loss = 0.18355
2025-05-11 23:43:24.575 | INFO     | hcpdiff.loggers.cli_logger:_log:35 - Step = [2460/10000], Epoch = [1/6]<691/1769>, LR_model = 1.42e-06, LR_word = 0.00e+00, Loss = 0.17737
2025-05-11 23:43:47.551 | INFO     | hcpdiff.loggers.cli_logger:_log:35 - Step = [2480/10000], Epoch = [1/6]<711/1769>, LR_model = 1.42e-06, LR_word = 0.00e+00, Loss = 0.19996
2025-05-11 23:44:10.293 | INFO     | hcpdiff.loggers.cli_logger:_log:35 - Step = [2500/10000], Epoch = [1/6]<731/1769>, LR_model = 1.42e-06, LR_word = 0.00e+00, Loss = 0.18650
2025-05-11 23:44:33.253 | INFO     | hcpdiff.loggers.cli_logger:_log:35 - Step = [2520/10000], Epoch = [1/6]<751/1769>, LR_model = 1.41e-06, LR_word = 0.00e+00, Loss = 0.19275
2025-05-11 23:44:56.026 | INFO     | hcpdiff.loggers.cli_logger:_log:35 - Step = [2540/10000], Epoch = [1/6]<771/1769>, LR_model = 1.41e-06, LR_word = 0.00e+00, Loss = 0.19965
2025-05-11 23:45:18.689 | INFO     | hcpdiff.loggers.cli_logger:_log:35 - Step = [2560/10000], Epoch = [1/6]<791/1769>, LR_model = 1.41e-06, LR_word = 0.00e+00, Loss = 0.19353
2025-05-11 23:45:41.786 | INFO     | hcpdiff.loggers.cli_logger:_log:35 - Step = [2580/10000], Epoch = [1/6]<811/1769>, LR_model = 1.40e-06, LR_word = 0.00e+00, Loss = 0.17264
2025-05-11 23:46:05.648 | INFO     | hcpdiff.loggers.cli_logger:_log:35 - Step = [2600/10000], Epoch = [1/6]<831/1769>, LR_model = 1.40e-06, LR_word = 0.00e+00, Loss = 0.20241
2025-05-11 23:46:28.249 | INFO     | hcpdiff.loggers.cli_logger:_log:35 - Step = [2620/10000], Epoch = [1/6]<851/1769>, LR_model = 1.40e-06, LR_word = 0.00e+00, Loss = 0.19197
2025-05-11 23:46:51.055 | INFO     | hcpdiff.loggers.cli_logger:_log:35 - Step = [2640/10000], Epoch = [1/6]<871/1769>, LR_model = 1.39e-06, LR_word = 0.00e+00, Loss = 0.18636
2025-05-11 23:47:15.203 | INFO     | hcpdiff.loggers.cli_logger:_log:35 - Step = [2660/10000], Epoch = [1/6]<891/1769>, LR_model = 1.39e-06, LR_word = 0.00e+00, Loss = 0.19368
2025-05-11 23:47:38.560 | INFO     | hcpdiff.loggers.cli_logger:_log:35 - Step = [2680/10000], Epoch = [1/6]<911/1769>, LR_model = 1.39e-06, LR_word = 0.00e+00, Loss = 0.19961
2025-05-11 23:48:03.238 | INFO     | hcpdiff.loggers.cli_logger:_log:35 - Step = [2700/10000], Epoch = [1/6]<931/1769>, LR_model = 1.38e-06, LR_word = 0.00e+00, Loss = 0.19436
2025-05-11 23:48:27.556 | INFO     | hcpdiff.loggers.cli_logger:_log:35 - Step = [2720/10000], Epoch = [1/6]<951/1769>, LR_model = 1.38e-06, LR_word = 0.00e+00, Loss = 0.18506
2025-05-11 23:48:50.132 | INFO     | hcpdiff.loggers.cli_logger:_log:35 - Step = [2740/10000], Epoch = [1/6]<971/1769>, LR_model = 1.38e-06, LR_word = 0.00e+00, Loss = 0.17361
2025-05-11 23:49:12.836 | INFO     | hcpdiff.loggers.cli_logger:_log:35 - Step = [2760/10000], Epoch = [1/6]<991/1769>, LR_model = 1.37e-06, LR_word = 0.00e+00, Loss = 0.18901
2025-05-11 23:49:35.494 | INFO     | hcpdiff.loggers.cli_logger:_log:35 - Step = [2780/10000], Epoch = [1/6]<1011/1769>, LR_model = 1.37e-06, LR_word = 0.00e+00, Loss = 0.17002
2025-05-11 23:49:58.117 | INFO     | hcpdiff.loggers.cli_logger:_log:35 - Step = [2800/10000], Epoch = [1/6]<1031/1769>, LR_model = 1.37e-06, LR_word = 0.00e+00, Loss = 0.18857
2025-05-11 23:50:20.770 | INFO     | hcpdiff.loggers.cli_logger:_log:35 - Step = [2820/10000], Epoch = [1/6]<1051/1769>, LR_model = 1.36e-06, LR_word = 0.00e+00, Loss = 0.19068
2025-05-11 23:50:43.289 | INFO     | hcpdiff.loggers.cli_logger:_log:35 - Step = [2840/10000], Epoch = [1/6]<1071/1769>, LR_model = 1.36e-06, LR_word = 0.00e+00, Loss = 0.16462
2025-05-11 23:51:05.888 | INFO     | hcpdiff.loggers.cli_logger:_log:35 - Step = [2860/10000], Epoch = [1/6]<1091/1769>, LR_model = 1.35e-06, LR_word = 0.00e+00, Loss = 0.16472
2025-05-11 23:51:28.479 | INFO     | hcpdiff.loggers.cli_logger:_log:35 - Step = [2880/10000], Epoch = [1/6]<1111/1769>, LR_model = 1.35e-06, LR_word = 0.00e+00, Loss = 0.17007
2025-05-11 23:51:50.943 | INFO     | hcpdiff.loggers.cli_logger:_log:35 - Step = [2900/10000], Epoch = [1/6]<1131/1769>, LR_model = 1.35e-06, LR_word = 0.00e+00, Loss = 0.15739
2025-05-11 23:52:13.493 | INFO     | hcpdiff.loggers.cli_logger:_log:35 - Step = [2920/10000], Epoch = [1/6]<1151/1769>, LR_model = 1.34e-06, LR_word = 0.00e+00, Loss = 0.17408
2025-05-11 23:52:35.993 | INFO     | hcpdiff.loggers.cli_logger:_log:35 - Step = [2940/10000], Epoch = [1/6]<1171/1769>, LR_model = 1.34e-06, LR_word = 0.00e+00, Loss = 0.18055
2025-05-11 23:52:58.322 | INFO     | hcpdiff.loggers.cli_logger:_log:35 - Step = [2960/10000], Epoch = [1/6]<1191/1769>, LR_model = 1.34e-06, LR_word = 0.00e+00, Loss = 0.18130
2025-05-11 23:53:20.780 | INFO     | hcpdiff.loggers.cli_logger:_log:35 - Step = [2980/10000], Epoch = [1/6]<1211/1769>, LR_model = 1.33e-06, LR_word = 0.00e+00, Loss = 0.18739
2025-05-11 23:53:53.396 | INFO     | hcpdiff.loggers.cli_logger:_info:32 - Saved state, step: 3000
2025-05-11 23:53:53.397 | INFO     | hcpdiff.loggers.cli_logger:_log:35 - Step = [3000/10000], Epoch = [1/6]<1231/1769>, LR_model = 1.33e-06, LR_word = 0.00e+00, Loss = 0.19159
2025-05-11 23:54:15.218 | INFO     | hcpdiff.loggers.cli_logger:_log:35 - Step = [3020/10000], Epoch = [1/6]<1251/1769>, LR_model = 1.32e-06, LR_word = 0.00e+00, Loss = 0.18488
2025-05-11 23:54:37.223 | INFO     | hcpdiff.loggers.cli_logger:_log:35 - Step = [3040/10000], Epoch = [1/6]<1271/1769>, LR_model = 1.32e-06, LR_word = 0.00e+00, Loss = 0.18172
2025-05-11 23:54:59.240 | INFO     | hcpdiff.loggers.cli_logger:_log:35 - Step = [3060/10000], Epoch = [1/6]<1291/1769>, LR_model = 1.32e-06, LR_word = 0.00e+00, Loss = 0.16646
2025-05-11 23:55:21.451 | INFO     | hcpdiff.loggers.cli_logger:_log:35 - Step = [3080/10000], Epoch = [1/6]<1311/1769>, LR_model = 1.31e-06, LR_word = 0.00e+00, Loss = 0.17655
2025-05-11 23:55:43.884 | INFO     | hcpdiff.loggers.cli_logger:_log:35 - Step = [3100/10000], Epoch = [1/6]<1331/1769>, LR_model = 1.31e-06, LR_word = 0.00e+00, Loss = 0.21522
2025-05-11 23:56:06.319 | INFO     | hcpdiff.loggers.cli_logger:_log:35 - Step = [3120/10000], Epoch = [1/6]<1351/1769>, LR_model = 1.30e-06, LR_word = 0.00e+00, Loss = 0.19897
2025-05-11 23:56:28.762 | INFO     | hcpdiff.loggers.cli_logger:_log:35 - Step = [3140/10000], Epoch = [1/6]<1371/1769>, LR_model = 1.30e-06, LR_word = 0.00e+00, Loss = 0.18554
2025-05-11 23:56:51.337 | INFO     | hcpdiff.loggers.cli_logger:_log:35 - Step = [3160/10000], Epoch = [1/6]<1391/1769>, LR_model = 1.30e-06, LR_word = 0.00e+00, Loss = 0.20112
2025-05-11 23:57:13.898 | INFO     | hcpdiff.loggers.cli_logger:_log:35 - Step = [3180/10000], Epoch = [1/6]<1411/1769>, LR_model = 1.29e-06, LR_word = 0.00e+00, Loss = 0.16411
2025-05-11 23:57:36.401 | INFO     | hcpdiff.loggers.cli_logger:_log:35 - Step = [3200/10000], Epoch = [1/6]<1431/1769>, LR_model = 1.29e-06, LR_word = 0.00e+00, Loss = 0.18952
2025-05-11 23:57:58.978 | INFO     | hcpdiff.loggers.cli_logger:_log:35 - Step = [3220/10000], Epoch = [1/6]<1451/1769>, LR_model = 1.28e-06, LR_word = 0.00e+00, Loss = 0.20339
2025-05-11 23:58:21.480 | INFO     | hcpdiff.loggers.cli_logger:_log:35 - Step = [3240/10000], Epoch = [1/6]<1471/1769>, LR_model = 1.28e-06, LR_word = 0.00e+00, Loss = 0.19543
2025-05-11 23:58:44.842 | INFO     | hcpdiff.loggers.cli_logger:_log:35 - Step = [3260/10000], Epoch = [1/6]<1491/1769>, LR_model = 1.27e-06, LR_word = 0.00e+00, Loss = 0.18209
2025-05-11 23:59:08.239 | INFO     | hcpdiff.loggers.cli_logger:_log:35 - Step = [3280/10000], Epoch = [1/6]<1511/1769>, LR_model = 1.27e-06, LR_word = 0.00e+00, Loss = 0.18739
2025-05-11 23:59:31.432 | INFO     | hcpdiff.loggers.cli_logger:_log:35 - Step = [3300/10000], Epoch = [1/6]<1531/1769>, LR_model = 1.27e-06, LR_word = 0.00e+00, Loss = 0.18615
2025-05-11 23:59:54.866 | INFO     | hcpdiff.loggers.cli_logger:_log:35 - Step = [3320/10000], Epoch = [1/6]<1551/1769>, LR_model = 1.26e-06, LR_word = 0.00e+00, Loss = 0.19294
2025-05-12 00:00:18.285 | INFO     | hcpdiff.loggers.cli_logger:_log:35 - Step = [3340/10000], Epoch = [1/6]<1571/1769>, LR_model = 1.26e-06, LR_word = 0.00e+00, Loss = 0.19281
2025-05-12 00:00:41.480 | INFO     | hcpdiff.loggers.cli_logger:_log:35 - Step = [3360/10000], Epoch = [1/6]<1591/1769>, LR_model = 1.25e-06, LR_word = 0.00e+00, Loss = 0.18520
2025-05-12 00:01:05.548 | INFO     | hcpdiff.loggers.cli_logger:_log:35 - Step = [3380/10000], Epoch = [1/6]<1611/1769>, LR_model = 1.25e-06, LR_word = 0.00e+00, Loss = 0.19617
2025-05-12 00:01:29.497 | INFO     | hcpdiff.loggers.cli_logger:_log:35 - Step = [3400/10000], Epoch = [1/6]<1631/1769>, LR_model = 1.24e-06, LR_word = 0.00e+00, Loss = 0.18523
2025-05-12 00:01:52.883 | INFO     | hcpdiff.loggers.cli_logger:_log:35 - Step = [3420/10000], Epoch = [1/6]<1651/1769>, LR_model = 1.24e-06, LR_word = 0.00e+00, Loss = 0.17588
2025-05-12 00:02:16.331 | INFO     | hcpdiff.loggers.cli_logger:_log:35 - Step = [3440/10000], Epoch = [1/6]<1671/1769>, LR_model = 1.24e-06, LR_word = 0.00e+00, Loss = 0.19306
2025-05-12 00:02:39.449 | INFO     | hcpdiff.loggers.cli_logger:_log:35 - Step = [3460/10000], Epoch = [1/6]<1691/1769>, LR_model = 1.23e-06, LR_word = 0.00e+00, Loss = 0.18092
2025-05-12 00:03:02.429 | INFO     | hcpdiff.loggers.cli_logger:_log:35 - Step = [3480/10000], Epoch = [1/6]<1711/1769>, LR_model = 1.23e-06, LR_word = 0.00e+00, Loss = 0.17630
2025-05-12 00:03:25.660 | INFO     | hcpdiff.loggers.cli_logger:_log:35 - Step = [3500/10000], Epoch = [1/6]<1731/1769>, LR_model = 1.22e-06, LR_word = 0.00e+00, Loss = 0.18314
2025-05-12 00:03:48.758 | INFO     | hcpdiff.loggers.cli_logger:_log:35 - Step = [3520/10000], Epoch = [1/6]<1751/1769>, LR_model = 1.22e-06, LR_word = 0.00e+00, Loss = 0.20054
2025-05-12 00:04:13.179 | INFO     | hcpdiff.loggers.cli_logger:_log:35 - Step = [3540/10000], Epoch = [2/6]<2/1769>, LR_model = 1.21e-06, LR_word = 0.00e+00, Loss = 0.19085
2025-05-12 00:04:36.121 | INFO     | hcpdiff.loggers.cli_logger:_log:35 - Step = [3560/10000], Epoch = [2/6]<22/1769>, LR_model = 1.21e-06, LR_word = 0.00e+00, Loss = 0.18513
2025-05-12 00:04:59.594 | INFO     | hcpdiff.loggers.cli_logger:_log:35 - Step = [3580/10000], Epoch = [2/6]<42/1769>, LR_model = 1.20e-06, LR_word = 0.00e+00, Loss = 0.17132
2025-05-12 00:05:22.528 | INFO     | hcpdiff.loggers.cli_logger:_log:35 - Step = [3600/10000], Epoch = [2/6]<62/1769>, LR_model = 1.20e-06, LR_word = 0.00e+00, Loss = 0.17898
2025-05-12 00:05:46.001 | INFO     | hcpdiff.loggers.cli_logger:_log:35 - Step = [3620/10000], Epoch = [2/6]<82/1769>, LR_model = 1.20e-06, LR_word = 0.00e+00, Loss = 0.17922
2025-05-12 00:06:09.502 | INFO     | hcpdiff.loggers.cli_logger:_log:35 - Step = [3640/10000], Epoch = [2/6]<102/1769>, LR_model = 1.19e-06, LR_word = 0.00e+00, Loss = 0.19765
2025-05-12 00:06:32.786 | INFO     | hcpdiff.loggers.cli_logger:_log:35 - Step = [3660/10000], Epoch = [2/6]<122/1769>, LR_model = 1.19e-06, LR_word = 0.00e+00, Loss = 0.19826
2025-05-12 00:06:56.405 | INFO     | hcpdiff.loggers.cli_logger:_log:35 - Step = [3680/10000], Epoch = [2/6]<142/1769>, LR_model = 1.18e-06, LR_word = 0.00e+00, Loss = 0.18652
2025-05-12 00:07:19.974 | INFO     | hcpdiff.loggers.cli_logger:_log:35 - Step = [3700/10000], Epoch = [2/6]<162/1769>, LR_model = 1.18e-06, LR_word = 0.00e+00, Loss = 0.18877
2025-05-12 00:07:42.889 | INFO     | hcpdiff.loggers.cli_logger:_log:35 - Step = [3720/10000], Epoch = [2/6]<182/1769>, LR_model = 1.17e-06, LR_word = 0.00e+00, Loss = 0.19581
2025-05-12 00:08:05.871 | INFO     | hcpdiff.loggers.cli_logger:_log:35 - Step = [3740/10000], Epoch = [2/6]<202/1769>, LR_model = 1.17e-06, LR_word = 0.00e+00, Loss = 0.19708
2025-05-12 00:08:28.697 | INFO     | hcpdiff.loggers.cli_logger:_log:35 - Step = [3760/10000], Epoch = [2/6]<222/1769>, LR_model = 1.16e-06, LR_word = 0.00e+00, Loss = 0.19415
2025-05-12 00:08:51.702 | INFO     | hcpdiff.loggers.cli_logger:_log:35 - Step = [3780/10000], Epoch = [2/6]<242/1769>, LR_model = 1.16e-06, LR_word = 0.00e+00, Loss = 0.17076
2025-05-12 00:09:14.650 | INFO     | hcpdiff.loggers.cli_logger:_log:35 - Step = [3800/10000], Epoch = [2/6]<262/1769>, LR_model = 1.15e-06, LR_word = 0.00e+00, Loss = 0.17560
2025-05-12 00:09:37.352 | INFO     | hcpdiff.loggers.cli_logger:_log:35 - Step = [3820/10000], Epoch = [2/6]<282/1769>, LR_model = 1.15e-06, LR_word = 0.00e+00, Loss = 0.18406
2025-05-12 00:10:00.121 | INFO     | hcpdiff.loggers.cli_logger:_log:35 - Step = [3840/10000], Epoch = [2/6]<302/1769>, LR_model = 1.14e-06, LR_word = 0.00e+00, Loss = 0.18427
2025-05-12 00:10:22.803 | INFO     | hcpdiff.loggers.cli_logger:_log:35 - Step = [3860/10000], Epoch = [2/6]<322/1769>, LR_model = 1.14e-06, LR_word = 0.00e+00, Loss = 0.18768
2025-05-12 00:10:45.378 | INFO     | hcpdiff.loggers.cli_logger:_log:35 - Step = [3880/10000], Epoch = [2/6]<342/1769>, LR_model = 1.13e-06, LR_word = 0.00e+00, Loss = 0.18025
2025-05-12 00:11:08.168 | INFO     | hcpdiff.loggers.cli_logger:_log:35 - Step = [3900/10000], Epoch = [2/6]<362/1769>, LR_model = 1.13e-06, LR_word = 0.00e+00, Loss = 0.18681
2025-05-12 00:11:31.151 | INFO     | hcpdiff.loggers.cli_logger:_log:35 - Step = [3920/10000], Epoch = [2/6]<382/1769>, LR_model = 1.13e-06, LR_word = 0.00e+00, Loss = 0.17870
2025-05-12 00:11:54.092 | INFO     | hcpdiff.loggers.cli_logger:_log:35 - Step = [3940/10000], Epoch = [2/6]<402/1769>, LR_model = 1.12e-06, LR_word = 0.00e+00, Loss = 0.18342
2025-05-12 00:12:16.879 | INFO     | hcpdiff.loggers.cli_logger:_log:35 - Step = [3960/10000], Epoch = [2/6]<422/1769>, LR_model = 1.12e-06, LR_word = 0.00e+00, Loss = 0.18342
2025-05-12 00:12:39.890 | INFO     | hcpdiff.loggers.cli_logger:_log:35 - Step = [3980/10000], Epoch = [2/6]<442/1769>, LR_model = 1.11e-06, LR_word = 0.00e+00, Loss = 0.19819
2025-05-12 00:13:19.456 | INFO     | hcpdiff.loggers.cli_logger:_info:32 - Saved state, step: 4000
2025-05-12 00:13:19.457 | INFO     | hcpdiff.loggers.cli_logger:_log:35 - Step = [4000/10000], Epoch = [2/6]<462/1769>, LR_model = 1.11e-06, LR_word = 0.00e+00, Loss = 0.18304
2025-05-12 00:13:41.982 | INFO     | hcpdiff.loggers.cli_logger:_log:35 - Step = [4020/10000], Epoch = [2/6]<482/1769>, LR_model = 1.10e-06, LR_word = 0.00e+00, Loss = 0.17858
2025-05-12 00:14:04.828 | INFO     | hcpdiff.loggers.cli_logger:_log:35 - Step = [4040/10000], Epoch = [2/6]<502/1769>, LR_model = 1.10e-06, LR_word = 0.00e+00, Loss = 0.19809
2025-05-12 00:14:27.593 | INFO     | hcpdiff.loggers.cli_logger:_log:35 - Step = [4060/10000], Epoch = [2/6]<522/1769>, LR_model = 1.09e-06, LR_word = 0.00e+00, Loss = 0.19426
2025-05-12 00:14:50.331 | INFO     | hcpdiff.loggers.cli_logger:_log:35 - Step = [4080/10000], Epoch = [2/6]<542/1769>, LR_model = 1.09e-06, LR_word = 0.00e+00, Loss = 0.18468
2025-05-12 00:15:13.266 | INFO     | hcpdiff.loggers.cli_logger:_log:35 - Step = [4100/10000], Epoch = [2/6]<562/1769>, LR_model = 1.08e-06, LR_word = 0.00e+00, Loss = 0.18060
2025-05-12 00:15:36.126 | INFO     | hcpdiff.loggers.cli_logger:_log:35 - Step = [4120/10000], Epoch = [2/6]<582/1769>, LR_model = 1.08e-06, LR_word = 0.00e+00, Loss = 0.17805
2025-05-12 00:15:59.185 | INFO     | hcpdiff.loggers.cli_logger:_log:35 - Step = [4140/10000], Epoch = [2/6]<602/1769>, LR_model = 1.07e-06, LR_word = 0.00e+00, Loss = 0.18965
2025-05-12 00:16:22.252 | INFO     | hcpdiff.loggers.cli_logger:_log:35 - Step = [4160/10000], Epoch = [2/6]<622/1769>, LR_model = 1.07e-06, LR_word = 0.00e+00, Loss = 0.19367
2025-05-12 00:16:45.241 | INFO     | hcpdiff.loggers.cli_logger:_log:35 - Step = [4180/10000], Epoch = [2/6]<642/1769>, LR_model = 1.06e-06, LR_word = 0.00e+00, Loss = 0.19793
2025-05-12 00:17:11.546 | INFO     | hcpdiff.loggers.cli_logger:_log:35 - Step = [4200/10000], Epoch = [2/6]<662/1769>, LR_model = 1.06e-06, LR_word = 0.00e+00, Loss = 0.19305
2025-05-12 00:17:34.486 | INFO     | hcpdiff.loggers.cli_logger:_log:35 - Step = [4220/10000], Epoch = [2/6]<682/1769>, LR_model = 1.05e-06, LR_word = 0.00e+00, Loss = 0.19575
2025-05-12 00:17:57.252 | INFO     | hcpdiff.loggers.cli_logger:_log:35 - Step = [4240/10000], Epoch = [2/6]<702/1769>, LR_model = 1.05e-06, LR_word = 0.00e+00, Loss = 0.19068
2025-05-12 00:18:20.151 | INFO     | hcpdiff.loggers.cli_logger:_log:35 - Step = [4260/10000], Epoch = [2/6]<722/1769>, LR_model = 1.04e-06, LR_word = 0.00e+00, Loss = 0.17045
2025-05-12 00:18:43.115 | INFO     | hcpdiff.loggers.cli_logger:_log:35 - Step = [4280/10000], Epoch = [2/6]<742/1769>, LR_model = 1.04e-06, LR_word = 0.00e+00, Loss = 0.17056
2025-05-12 00:19:05.913 | INFO     | hcpdiff.loggers.cli_logger:_log:35 - Step = [4300/10000], Epoch = [2/6]<762/1769>, LR_model = 1.03e-06, LR_word = 0.00e+00, Loss = 0.17244
2025-05-12 00:19:28.972 | INFO     | hcpdiff.loggers.cli_logger:_log:35 - Step = [4320/10000], Epoch = [2/6]<782/1769>, LR_model = 1.03e-06, LR_word = 0.00e+00, Loss = 0.18022
2025-05-12 00:19:51.836 | INFO     | hcpdiff.loggers.cli_logger:_log:35 - Step = [4340/10000], Epoch = [2/6]<802/1769>, LR_model = 1.02e-06, LR_word = 0.00e+00, Loss = 0.16757
2025-05-12 00:20:14.644 | INFO     | hcpdiff.loggers.cli_logger:_log:35 - Step = [4360/10000], Epoch = [2/6]<822/1769>, LR_model = 1.02e-06, LR_word = 0.00e+00, Loss = 0.18182
2025-05-12 00:20:37.744 | INFO     | hcpdiff.loggers.cli_logger:_log:35 - Step = [4380/10000], Epoch = [2/6]<842/1769>, LR_model = 1.01e-06, LR_word = 0.00e+00, Loss = 0.18871
2025-05-12 00:21:00.702 | INFO     | hcpdiff.loggers.cli_logger:_log:35 - Step = [4400/10000], Epoch = [2/6]<862/1769>, LR_model = 1.01e-06, LR_word = 0.00e+00, Loss = 0.18496
2025-05-12 00:21:23.343 | INFO     | hcpdiff.loggers.cli_logger:_log:35 - Step = [4420/10000], Epoch = [2/6]<882/1769>, LR_model = 1.00e-06, LR_word = 0.00e+00, Loss = 0.16103
2025-05-12 00:21:45.999 | INFO     | hcpdiff.loggers.cli_logger:_log:35 - Step = [4440/10000], Epoch = [2/6]<902/1769>, LR_model = 9.97e-07, LR_word = 0.00e+00, Loss = 0.17552
2025-05-12 00:22:08.767 | INFO     | hcpdiff.loggers.cli_logger:_log:35 - Step = [4460/10000], Epoch = [2/6]<922/1769>, LR_model = 9.92e-07, LR_word = 0.00e+00, Loss = 0.20233
2025-05-12 00:22:31.326 | INFO     | hcpdiff.loggers.cli_logger:_log:35 - Step = [4480/10000], Epoch = [2/6]<942/1769>, LR_model = 9.87e-07, LR_word = 0.00e+00, Loss = 0.17507
2025-05-12 00:22:54.071 | INFO     | hcpdiff.loggers.cli_logger:_log:35 - Step = [4500/10000], Epoch = [2/6]<962/1769>, LR_model = 9.81e-07, LR_word = 0.00e+00, Loss = 0.18358
2025-05-12 00:23:16.832 | INFO     | hcpdiff.loggers.cli_logger:_log:35 - Step = [4520/10000], Epoch = [2/6]<982/1769>, LR_model = 9.76e-07, LR_word = 0.00e+00, Loss = 0.17763
2025-05-12 00:23:39.746 | INFO     | hcpdiff.loggers.cli_logger:_log:35 - Step = [4540/10000], Epoch = [2/6]<1002/1769>, LR_model = 9.71e-07, LR_word = 0.00e+00, Loss = 0.18092
2025-05-12 00:24:02.617 | INFO     | hcpdiff.loggers.cli_logger:_log:35 - Step = [4560/10000], Epoch = [2/6]<1022/1769>, LR_model = 9.66e-07, LR_word = 0.00e+00, Loss = 0.17319
2025-05-12 00:24:25.585 | INFO     | hcpdiff.loggers.cli_logger:_log:35 - Step = [4580/10000], Epoch = [2/6]<1042/1769>, LR_model = 9.61e-07, LR_word = 0.00e+00, Loss = 0.18940
2025-05-12 00:24:48.182 | INFO     | hcpdiff.loggers.cli_logger:_log:35 - Step = [4600/10000], Epoch = [2/6]<1062/1769>, LR_model = 9.56e-07, LR_word = 0.00e+00, Loss = 0.17324
2025-05-12 00:25:10.985 | INFO     | hcpdiff.loggers.cli_logger:_log:35 - Step = [4620/10000], Epoch = [2/6]<1082/1769>, LR_model = 9.51e-07, LR_word = 0.00e+00, Loss = 0.17843
2025-05-12 00:25:33.680 | INFO     | hcpdiff.loggers.cli_logger:_log:35 - Step = [4640/10000], Epoch = [2/6]<1102/1769>, LR_model = 9.46e-07, LR_word = 0.00e+00, Loss = 0.19529
2025-05-12 00:25:56.498 | INFO     | hcpdiff.loggers.cli_logger:_log:35 - Step = [4660/10000], Epoch = [2/6]<1122/1769>, LR_model = 9.40e-07, LR_word = 0.00e+00, Loss = 0.18308
2025-05-12 00:26:19.385 | INFO     | hcpdiff.loggers.cli_logger:_log:35 - Step = [4680/10000], Epoch = [2/6]<1142/1769>, LR_model = 9.35e-07, LR_word = 0.00e+00, Loss = 0.18477
2025-05-12 00:26:41.996 | INFO     | hcpdiff.loggers.cli_logger:_log:35 - Step = [4700/10000], Epoch = [2/6]<1162/1769>, LR_model = 9.30e-07, LR_word = 0.00e+00, Loss = 0.19124
2025-05-12 00:27:04.709 | INFO     | hcpdiff.loggers.cli_logger:_log:35 - Step = [4720/10000], Epoch = [2/6]<1182/1769>, LR_model = 9.25e-07, LR_word = 0.00e+00, Loss = 0.19266
2025-05-12 00:27:27.592 | INFO     | hcpdiff.loggers.cli_logger:_log:35 - Step = [4740/10000], Epoch = [2/6]<1202/1769>, LR_model = 9.20e-07, LR_word = 0.00e+00, Loss = 0.19397
2025-05-12 00:27:50.303 | INFO     | hcpdiff.loggers.cli_logger:_log:35 - Step = [4760/10000], Epoch = [2/6]<1222/1769>, LR_model = 9.15e-07, LR_word = 0.00e+00, Loss = 0.18444
2025-05-12 00:28:13.126 | INFO     | hcpdiff.loggers.cli_logger:_log:35 - Step = [4780/10000], Epoch = [2/6]<1242/1769>, LR_model = 9.09e-07, LR_word = 0.00e+00, Loss = 0.17798
2025-05-12 00:28:35.843 | INFO     | hcpdiff.loggers.cli_logger:_log:35 - Step = [4800/10000], Epoch = [2/6]<1262/1769>, LR_model = 9.04e-07, LR_word = 0.00e+00, Loss = 0.18122
2025-05-12 00:28:58.416 | INFO     | hcpdiff.loggers.cli_logger:_log:35 - Step = [4820/10000], Epoch = [2/6]<1282/1769>, LR_model = 8.99e-07, LR_word = 0.00e+00, Loss = 0.17511
2025-05-12 00:29:21.250 | INFO     | hcpdiff.loggers.cli_logger:_log:35 - Step = [4840/10000], Epoch = [2/6]<1302/1769>, LR_model = 8.94e-07, LR_word = 0.00e+00, Loss = 0.17072
2025-05-12 00:29:44.032 | INFO     | hcpdiff.loggers.cli_logger:_log:35 - Step = [4860/10000], Epoch = [2/6]<1322/1769>, LR_model = 8.89e-07, LR_word = 0.00e+00, Loss = 0.16182
2025-05-12 00:30:06.800 | INFO     | hcpdiff.loggers.cli_logger:_log:35 - Step = [4880/10000], Epoch = [2/6]<1342/1769>, LR_model = 8.83e-07, LR_word = 0.00e+00, Loss = 0.17774
2025-05-12 00:30:29.904 | INFO     | hcpdiff.loggers.cli_logger:_log:35 - Step = [4900/10000], Epoch = [2/6]<1362/1769>, LR_model = 8.78e-07, LR_word = 0.00e+00, Loss = 0.18670
2025-05-12 00:30:52.889 | INFO     | hcpdiff.loggers.cli_logger:_log:35 - Step = [4920/10000], Epoch = [2/6]<1382/1769>, LR_model = 8.73e-07, LR_word = 0.00e+00, Loss = 0.17793
2025-05-12 00:31:15.576 | INFO     | hcpdiff.loggers.cli_logger:_log:35 - Step = [4940/10000], Epoch = [2/6]<1402/1769>, LR_model = 8.68e-07, LR_word = 0.00e+00, Loss = 0.20308
2025-05-12 00:31:38.470 | INFO     | hcpdiff.loggers.cli_logger:_log:35 - Step = [4960/10000], Epoch = [2/6]<1422/1769>, LR_model = 8.63e-07, LR_word = 0.00e+00, Loss = 0.19961
2025-05-12 00:32:01.369 | INFO     | hcpdiff.loggers.cli_logger:_log:35 - Step = [4980/10000], Epoch = [2/6]<1442/1769>, LR_model = 8.57e-07, LR_word = 0.00e+00, Loss = 0.20331
2025-05-12 00:32:35.929 | INFO     | hcpdiff.loggers.cli_logger:_info:32 - Saved state, step: 5000
2025-05-12 00:32:35.931 | INFO     | hcpdiff.loggers.cli_logger:_log:35 - Step = [5000/10000], Epoch = [2/6]<1462/1769>, LR_model = 8.52e-07, LR_word = 0.00e+00, Loss = 0.19257
2025-05-12 00:32:58.142 | INFO     | hcpdiff.loggers.cli_logger:_log:35 - Step = [5020/10000], Epoch = [2/6]<1482/1769>, LR_model = 8.47e-07, LR_word = 0.00e+00, Loss = 0.20033
2025-05-12 00:33:20.308 | INFO     | hcpdiff.loggers.cli_logger:_log:35 - Step = [5040/10000], Epoch = [2/6]<1502/1769>, LR_model = 8.42e-07, LR_word = 0.00e+00, Loss = 0.20003
2025-05-12 00:33:42.703 | INFO     | hcpdiff.loggers.cli_logger:_log:35 - Step = [5060/10000], Epoch = [2/6]<1522/1769>, LR_model = 8.36e-07, LR_word = 0.00e+00, Loss = 0.19250
2025-05-12 00:34:05.391 | INFO     | hcpdiff.loggers.cli_logger:_log:35 - Step = [5080/10000], Epoch = [2/6]<1542/1769>, LR_model = 8.31e-07, LR_word = 0.00e+00, Loss = 0.21284
2025-05-12 00:34:28.037 | INFO     | hcpdiff.loggers.cli_logger:_log:35 - Step = [5100/10000], Epoch = [2/6]<1562/1769>, LR_model = 8.26e-07, LR_word = 0.00e+00, Loss = 0.20013
2025-05-12 00:34:50.692 | INFO     | hcpdiff.loggers.cli_logger:_log:35 - Step = [5120/10000], Epoch = [2/6]<1582/1769>, LR_model = 8.21e-07, LR_word = 0.00e+00, Loss = 0.19197
2025-05-12 00:35:13.534 | INFO     | hcpdiff.loggers.cli_logger:_log:35 - Step = [5140/10000], Epoch = [2/6]<1602/1769>, LR_model = 8.15e-07, LR_word = 0.00e+00, Loss = 0.18559
2025-05-12 00:35:36.303 | INFO     | hcpdiff.loggers.cli_logger:_log:35 - Step = [5160/10000], Epoch = [2/6]<1622/1769>, LR_model = 8.10e-07, LR_word = 0.00e+00, Loss = 0.17473
2025-05-12 00:35:58.991 | INFO     | hcpdiff.loggers.cli_logger:_log:35 - Step = [5180/10000], Epoch = [2/6]<1642/1769>, LR_model = 8.05e-07, LR_word = 0.00e+00, Loss = 0.17768
2025-05-12 00:36:21.799 | INFO     | hcpdiff.loggers.cli_logger:_log:35 - Step = [5200/10000], Epoch = [2/6]<1662/1769>, LR_model = 8.00e-07, LR_word = 0.00e+00, Loss = 0.17872
2025-05-12 00:36:44.658 | INFO     | hcpdiff.loggers.cli_logger:_log:35 - Step = [5220/10000], Epoch = [2/6]<1682/1769>, LR_model = 7.95e-07, LR_word = 0.00e+00, Loss = 0.19727
2025-05-12 00:37:07.302 | INFO     | hcpdiff.loggers.cli_logger:_log:35 - Step = [5240/10000], Epoch = [2/6]<1702/1769>, LR_model = 7.89e-07, LR_word = 0.00e+00, Loss = 0.18272
2025-05-12 00:37:30.216 | INFO     | hcpdiff.loggers.cli_logger:_log:35 - Step = [5260/10000], Epoch = [2/6]<1722/1769>, LR_model = 7.84e-07, LR_word = 0.00e+00, Loss = 0.18324
2025-05-12 00:37:52.936 | INFO     | hcpdiff.loggers.cli_logger:_log:35 - Step = [5280/10000], Epoch = [2/6]<1742/1769>, LR_model = 7.79e-07, LR_word = 0.00e+00, Loss = 0.19747
2025-05-12 00:38:15.586 | INFO     | hcpdiff.loggers.cli_logger:_log:35 - Step = [5300/10000], Epoch = [2/6]<1762/1769>, LR_model = 7.74e-07, LR_word = 0.00e+00, Loss = 0.19295
2025-05-12 00:38:40.042 | INFO     | hcpdiff.loggers.cli_logger:_log:35 - Step = [5320/10000], Epoch = [3/6]<13/1769>, LR_model = 7.68e-07, LR_word = 0.00e+00, Loss = 0.19458
2025-05-12 00:39:02.725 | INFO     | hcpdiff.loggers.cli_logger:_log:35 - Step = [5340/10000], Epoch = [3/6]<33/1769>, LR_model = 7.63e-07, LR_word = 0.00e+00, Loss = 0.18340
2025-05-12 00:39:25.353 | INFO     | hcpdiff.loggers.cli_logger:_log:35 - Step = [5360/10000], Epoch = [3/6]<53/1769>, LR_model = 7.58e-07, LR_word = 0.00e+00, Loss = 0.20857
2025-05-12 00:39:48.159 | INFO     | hcpdiff.loggers.cli_logger:_log:35 - Step = [5380/10000], Epoch = [3/6]<73/1769>, LR_model = 7.53e-07, LR_word = 0.00e+00, Loss = 0.17861
2025-05-12 00:40:10.902 | INFO     | hcpdiff.loggers.cli_logger:_log:35 - Step = [5400/10000], Epoch = [3/6]<93/1769>, LR_model = 7.47e-07, LR_word = 0.00e+00, Loss = 0.19334
2025-05-12 00:40:33.556 | INFO     | hcpdiff.loggers.cli_logger:_log:35 - Step = [5420/10000], Epoch = [3/6]<113/1769>, LR_model = 7.42e-07, LR_word = 0.00e+00, Loss = 0.18005
2025-05-12 00:40:56.551 | INFO     | hcpdiff.loggers.cli_logger:_log:35 - Step = [5440/10000], Epoch = [3/6]<133/1769>, LR_model = 7.37e-07, LR_word = 0.00e+00, Loss = 0.19211
2025-05-12 00:41:19.204 | INFO     | hcpdiff.loggers.cli_logger:_log:35 - Step = [5460/10000], Epoch = [3/6]<153/1769>, LR_model = 7.32e-07, LR_word = 0.00e+00, Loss = 0.16537
2025-05-12 00:41:41.974 | INFO     | hcpdiff.loggers.cli_logger:_log:35 - Step = [5480/10000], Epoch = [3/6]<173/1769>, LR_model = 7.27e-07, LR_word = 0.00e+00, Loss = 0.16948
2025-05-12 00:42:04.759 | INFO     | hcpdiff.loggers.cli_logger:_log:35 - Step = [5500/10000], Epoch = [3/6]<193/1769>, LR_model = 7.21e-07, LR_word = 0.00e+00, Loss = 0.19552
2025-05-12 00:42:27.393 | INFO     | hcpdiff.loggers.cli_logger:_log:35 - Step = [5520/10000], Epoch = [3/6]<213/1769>, LR_model = 7.16e-07, LR_word = 0.00e+00, Loss = 0.20283
2025-05-12 00:42:50.109 | INFO     | hcpdiff.loggers.cli_logger:_log:35 - Step = [5540/10000], Epoch = [3/6]<233/1769>, LR_model = 7.11e-07, LR_word = 0.00e+00, Loss = 0.19596
2025-05-12 00:43:12.845 | INFO     | hcpdiff.loggers.cli_logger:_log:35 - Step = [5560/10000], Epoch = [3/6]<253/1769>, LR_model = 7.06e-07, LR_word = 0.00e+00, Loss = 0.18612
2025-05-12 00:43:35.525 | INFO     | hcpdiff.loggers.cli_logger:_log:35 - Step = [5580/10000], Epoch = [3/6]<273/1769>, LR_model = 7.01e-07, LR_word = 0.00e+00, Loss = 0.18120
2025-05-12 00:43:58.309 | INFO     | hcpdiff.loggers.cli_logger:_log:35 - Step = [5600/10000], Epoch = [3/6]<293/1769>, LR_model = 6.95e-07, LR_word = 0.00e+00, Loss = 0.19952
2025-05-12 00:44:21.240 | INFO     | hcpdiff.loggers.cli_logger:_log:35 - Step = [5620/10000], Epoch = [3/6]<313/1769>, LR_model = 6.90e-07, LR_word = 0.00e+00, Loss = 0.18746
2025-05-12 00:44:43.823 | INFO     | hcpdiff.loggers.cli_logger:_log:35 - Step = [5640/10000], Epoch = [3/6]<333/1769>, LR_model = 6.85e-07, LR_word = 0.00e+00, Loss = 0.16808
2025-05-12 00:45:06.488 | INFO     | hcpdiff.loggers.cli_logger:_log:35 - Step = [5660/10000], Epoch = [3/6]<353/1769>, LR_model = 6.80e-07, LR_word = 0.00e+00, Loss = 0.16914
2025-05-12 00:45:29.099 | INFO     | hcpdiff.loggers.cli_logger:_log:35 - Step = [5680/10000], Epoch = [3/6]<373/1769>, LR_model = 6.75e-07, LR_word = 0.00e+00, Loss = 0.19410
2025-05-12 00:45:51.647 | INFO     | hcpdiff.loggers.cli_logger:_log:35 - Step = [5700/10000], Epoch = [3/6]<393/1769>, LR_model = 6.69e-07, LR_word = 0.00e+00, Loss = 0.17765
2025-05-12 00:46:14.393 | INFO     | hcpdiff.loggers.cli_logger:_log:35 - Step = [5720/10000], Epoch = [3/6]<413/1769>, LR_model = 6.64e-07, LR_word = 0.00e+00, Loss = 0.19526
2025-05-12 00:46:37.192 | INFO     | hcpdiff.loggers.cli_logger:_log:35 - Step = [5740/10000], Epoch = [3/6]<433/1769>, LR_model = 6.59e-07, LR_word = 0.00e+00, Loss = 0.19915
2025-05-12 00:46:59.791 | INFO     | hcpdiff.loggers.cli_logger:_log:35 - Step = [5760/10000], Epoch = [3/6]<453/1769>, LR_model = 6.54e-07, LR_word = 0.00e+00, Loss = 0.19169
2025-05-12 00:47:22.477 | INFO     | hcpdiff.loggers.cli_logger:_log:35 - Step = [5780/10000], Epoch = [3/6]<473/1769>, LR_model = 6.49e-07, LR_word = 0.00e+00, Loss = 0.21896
2025-05-12 00:47:45.222 | INFO     | hcpdiff.loggers.cli_logger:_log:35 - Step = [5800/10000], Epoch = [3/6]<493/1769>, LR_model = 6.44e-07, LR_word = 0.00e+00, Loss = 0.19709
2025-05-12 00:48:07.729 | INFO     | hcpdiff.loggers.cli_logger:_log:35 - Step = [5820/10000], Epoch = [3/6]<513/1769>, LR_model = 6.39e-07, LR_word = 0.00e+00, Loss = 0.19870
2025-05-12 00:48:30.377 | INFO     | hcpdiff.loggers.cli_logger:_log:35 - Step = [5840/10000], Epoch = [3/6]<533/1769>, LR_model = 6.33e-07, LR_word = 0.00e+00, Loss = 0.18185
2025-05-12 00:48:53.007 | INFO     | hcpdiff.loggers.cli_logger:_log:35 - Step = [5860/10000], Epoch = [3/6]<553/1769>, LR_model = 6.28e-07, LR_word = 0.00e+00, Loss = 0.16934
2025-05-12 00:49:15.483 | INFO     | hcpdiff.loggers.cli_logger:_log:35 - Step = [5880/10000], Epoch = [3/6]<573/1769>, LR_model = 6.23e-07, LR_word = 0.00e+00, Loss = 0.18007
2025-05-12 00:49:38.057 | INFO     | hcpdiff.loggers.cli_logger:_log:35 - Step = [5900/10000], Epoch = [3/6]<593/1769>, LR_model = 6.18e-07, LR_word = 0.00e+00, Loss = 0.18563
2025-05-12 00:50:00.699 | INFO     | hcpdiff.loggers.cli_logger:_log:35 - Step = [5920/10000], Epoch = [3/6]<613/1769>, LR_model = 6.13e-07, LR_word = 0.00e+00, Loss = 0.19442
2025-05-12 00:50:23.225 | INFO     | hcpdiff.loggers.cli_logger:_log:35 - Step = [5940/10000], Epoch = [3/6]<633/1769>, LR_model = 6.08e-07, LR_word = 0.00e+00, Loss = 0.20314
2025-05-12 00:50:45.842 | INFO     | hcpdiff.loggers.cli_logger:_log:35 - Step = [5960/10000], Epoch = [3/6]<653/1769>, LR_model = 6.03e-07, LR_word = 0.00e+00, Loss = 0.19383
2025-05-12 00:51:08.458 | INFO     | hcpdiff.loggers.cli_logger:_log:35 - Step = [5980/10000], Epoch = [3/6]<673/1769>, LR_model = 5.98e-07, LR_word = 0.00e+00, Loss = 0.21281
2025-05-12 00:51:43.564 | INFO     | hcpdiff.loggers.cli_logger:_info:32 - Saved state, step: 6000
2025-05-12 00:51:43.566 | INFO     | hcpdiff.loggers.cli_logger:_log:35 - Step = [6000/10000], Epoch = [3/6]<693/1769>, LR_model = 5.93e-07, LR_word = 0.00e+00, Loss = 0.19175
2025-05-12 00:52:05.763 | INFO     | hcpdiff.loggers.cli_logger:_log:35 - Step = [6020/10000], Epoch = [3/6]<713/1769>, LR_model = 5.88e-07, LR_word = 0.00e+00, Loss = 0.17253
2025-05-12 00:52:28.128 | INFO     | hcpdiff.loggers.cli_logger:_log:35 - Step = [6040/10000], Epoch = [3/6]<733/1769>, LR_model = 5.83e-07, LR_word = 0.00e+00, Loss = 0.18916
2025-05-12 00:52:50.368 | INFO     | hcpdiff.loggers.cli_logger:_log:35 - Step = [6060/10000], Epoch = [3/6]<753/1769>, LR_model = 5.78e-07, LR_word = 0.00e+00, Loss = 0.18917
2025-05-12 00:53:13.188 | INFO     | hcpdiff.loggers.cli_logger:_log:35 - Step = [6080/10000], Epoch = [3/6]<773/1769>, LR_model = 5.73e-07, LR_word = 0.00e+00, Loss = 0.18063
2025-05-12 00:53:35.908 | INFO     | hcpdiff.loggers.cli_logger:_log:35 - Step = [6100/10000], Epoch = [3/6]<793/1769>, LR_model = 5.68e-07, LR_word = 0.00e+00, Loss = 0.18600
2025-05-12 00:53:58.635 | INFO     | hcpdiff.loggers.cli_logger:_log:35 - Step = [6120/10000], Epoch = [3/6]<813/1769>, LR_model = 5.63e-07, LR_word = 0.00e+00, Loss = 0.19787
2025-05-12 00:54:21.563 | INFO     | hcpdiff.loggers.cli_logger:_log:35 - Step = [6140/10000], Epoch = [3/6]<833/1769>, LR_model = 5.58e-07, LR_word = 0.00e+00, Loss = 0.17581
2025-05-12 00:54:44.332 | INFO     | hcpdiff.loggers.cli_logger:_log:35 - Step = [6160/10000], Epoch = [3/6]<853/1769>, LR_model = 5.53e-07, LR_word = 0.00e+00, Loss = 0.17316
2025-05-12 00:55:07.349 | INFO     | hcpdiff.loggers.cli_logger:_log:35 - Step = [6180/10000], Epoch = [3/6]<873/1769>, LR_model = 5.48e-07, LR_word = 0.00e+00, Loss = 0.17395
2025-05-12 00:55:30.448 | INFO     | hcpdiff.loggers.cli_logger:_log:35 - Step = [6200/10000], Epoch = [3/6]<893/1769>, LR_model = 5.43e-07, LR_word = 0.00e+00, Loss = 0.18351
2025-05-12 00:55:53.326 | INFO     | hcpdiff.loggers.cli_logger:_log:35 - Step = [6220/10000], Epoch = [3/6]<913/1769>, LR_model = 5.38e-07, LR_word = 0.00e+00, Loss = 0.19058
2025-05-12 00:56:16.424 | INFO     | hcpdiff.loggers.cli_logger:_log:35 - Step = [6240/10000], Epoch = [3/6]<933/1769>, LR_model = 5.33e-07, LR_word = 0.00e+00, Loss = 0.17719
2025-05-12 00:56:39.559 | INFO     | hcpdiff.loggers.cli_logger:_log:35 - Step = [6260/10000], Epoch = [3/6]<953/1769>, LR_model = 5.28e-07, LR_word = 0.00e+00, Loss = 0.19256
2025-05-12 00:57:02.553 | INFO     | hcpdiff.loggers.cli_logger:_log:35 - Step = [6280/10000], Epoch = [3/6]<973/1769>, LR_model = 5.23e-07, LR_word = 0.00e+00, Loss = 0.18283
2025-05-12 00:57:25.887 | INFO     | hcpdiff.loggers.cli_logger:_log:35 - Step = [6300/10000], Epoch = [3/6]<993/1769>, LR_model = 5.18e-07, LR_word = 0.00e+00, Loss = 0.17642
2025-05-12 00:57:48.987 | INFO     | hcpdiff.loggers.cli_logger:_log:35 - Step = [6320/10000], Epoch = [3/6]<1013/1769>, LR_model = 5.13e-07, LR_word = 0.00e+00, Loss = 0.20383
2025-05-12 00:58:11.933 | INFO     | hcpdiff.loggers.cli_logger:_log:35 - Step = [6340/10000], Epoch = [3/6]<1033/1769>, LR_model = 5.08e-07, LR_word = 0.00e+00, Loss = 0.18423
2025-05-12 00:58:35.276 | INFO     | hcpdiff.loggers.cli_logger:_log:35 - Step = [6360/10000], Epoch = [3/6]<1053/1769>, LR_model = 5.03e-07, LR_word = 0.00e+00, Loss = 0.18854
2025-05-12 00:58:58.592 | INFO     | hcpdiff.loggers.cli_logger:_log:35 - Step = [6380/10000], Epoch = [3/6]<1073/1769>, LR_model = 4.98e-07, LR_word = 0.00e+00, Loss = 0.18277
2025-05-12 00:59:21.578 | INFO     | hcpdiff.loggers.cli_logger:_log:35 - Step = [6400/10000], Epoch = [3/6]<1093/1769>, LR_model = 4.94e-07, LR_word = 0.00e+00, Loss = 0.18771
2025-05-12 00:59:45.040 | INFO     | hcpdiff.loggers.cli_logger:_log:35 - Step = [6420/10000], Epoch = [3/6]<1113/1769>, LR_model = 4.89e-07, LR_word = 0.00e+00, Loss = 0.17325
2025-05-12 01:00:08.383 | INFO     | hcpdiff.loggers.cli_logger:_log:35 - Step = [6440/10000], Epoch = [3/6]<1133/1769>, LR_model = 4.84e-07, LR_word = 0.00e+00, Loss = 0.18836
2025-05-12 01:00:31.325 | INFO     | hcpdiff.loggers.cli_logger:_log:35 - Step = [6460/10000], Epoch = [3/6]<1153/1769>, LR_model = 4.79e-07, LR_word = 0.00e+00, Loss = 0.18865
2025-05-12 01:00:54.468 | INFO     | hcpdiff.loggers.cli_logger:_log:35 - Step = [6480/10000], Epoch = [3/6]<1173/1769>, LR_model = 4.74e-07, LR_word = 0.00e+00, Loss = 0.19076
2025-05-12 01:01:17.571 | INFO     | hcpdiff.loggers.cli_logger:_log:35 - Step = [6500/10000], Epoch = [3/6]<1193/1769>, LR_model = 4.70e-07, LR_word = 0.00e+00, Loss = 0.17532
2025-05-12 01:01:40.456 | INFO     | hcpdiff.loggers.cli_logger:_log:35 - Step = [6520/10000], Epoch = [3/6]<1213/1769>, LR_model = 4.65e-07, LR_word = 0.00e+00, Loss = 0.19735
2025-05-12 01:02:03.440 | INFO     | hcpdiff.loggers.cli_logger:_log:35 - Step = [6540/10000], Epoch = [3/6]<1233/1769>, LR_model = 4.60e-07, LR_word = 0.00e+00, Loss = 0.19038
2025-05-12 01:02:26.456 | INFO     | hcpdiff.loggers.cli_logger:_log:35 - Step = [6560/10000], Epoch = [3/6]<1253/1769>, LR_model = 4.55e-07, LR_word = 0.00e+00, Loss = 0.19141
2025-05-12 01:02:49.229 | INFO     | hcpdiff.loggers.cli_logger:_log:35 - Step = [6580/10000], Epoch = [3/6]<1273/1769>, LR_model = 4.51e-07, LR_word = 0.00e+00, Loss = 0.18909
2025-05-12 01:03:12.167 | INFO     | hcpdiff.loggers.cli_logger:_log:35 - Step = [6600/10000], Epoch = [3/6]<1293/1769>, LR_model = 4.46e-07, LR_word = 0.00e+00, Loss = 0.18989
2025-05-12 01:03:34.944 | INFO     | hcpdiff.loggers.cli_logger:_log:35 - Step = [6620/10000], Epoch = [3/6]<1313/1769>, LR_model = 4.41e-07, LR_word = 0.00e+00, Loss = 0.18086
2025-05-12 01:03:58.003 | INFO     | hcpdiff.loggers.cli_logger:_log:35 - Step = [6640/10000], Epoch = [3/6]<1333/1769>, LR_model = 4.37e-07, LR_word = 0.00e+00, Loss = 0.19260
2025-05-12 01:04:20.884 | INFO     | hcpdiff.loggers.cli_logger:_log:35 - Step = [6660/10000], Epoch = [3/6]<1353/1769>, LR_model = 4.32e-07, LR_word = 0.00e+00, Loss = 0.20348
2025-05-12 01:04:43.615 | INFO     | hcpdiff.loggers.cli_logger:_log:35 - Step = [6680/10000], Epoch = [3/6]<1373/1769>, LR_model = 4.27e-07, LR_word = 0.00e+00, Loss = 0.20417
2025-05-12 01:05:06.552 | INFO     | hcpdiff.loggers.cli_logger:_log:35 - Step = [6700/10000], Epoch = [3/6]<1393/1769>, LR_model = 4.23e-07, LR_word = 0.00e+00, Loss = 0.18067
2025-05-12 01:05:29.440 | INFO     | hcpdiff.loggers.cli_logger:_log:35 - Step = [6720/10000], Epoch = [3/6]<1413/1769>, LR_model = 4.18e-07, LR_word = 0.00e+00, Loss = 0.19643
2025-05-12 01:05:52.215 | INFO     | hcpdiff.loggers.cli_logger:_log:35 - Step = [6740/10000], Epoch = [3/6]<1433/1769>, LR_model = 4.13e-07, LR_word = 0.00e+00, Loss = 0.19318
2025-05-12 01:06:15.081 | INFO     | hcpdiff.loggers.cli_logger:_log:35 - Step = [6760/10000], Epoch = [3/6]<1453/1769>, LR_model = 4.09e-07, LR_word = 0.00e+00, Loss = 0.18767
2025-05-12 01:06:38.145 | INFO     | hcpdiff.loggers.cli_logger:_log:35 - Step = [6780/10000], Epoch = [3/6]<1473/1769>, LR_model = 4.04e-07, LR_word = 0.00e+00, Loss = 0.18030
2025-05-12 01:07:00.830 | INFO     | hcpdiff.loggers.cli_logger:_log:35 - Step = [6800/10000], Epoch = [3/6]<1493/1769>, LR_model = 4.00e-07, LR_word = 0.00e+00, Loss = 0.17266
2025-05-12 01:07:23.701 | INFO     | hcpdiff.loggers.cli_logger:_log:35 - Step = [6820/10000], Epoch = [3/6]<1513/1769>, LR_model = 3.95e-07, LR_word = 0.00e+00, Loss = 0.17948
2025-05-12 01:07:46.569 | INFO     | hcpdiff.loggers.cli_logger:_log:35 - Step = [6840/10000], Epoch = [3/6]<1533/1769>, LR_model = 3.91e-07, LR_word = 0.00e+00, Loss = 0.17915
2025-05-12 01:08:09.354 | INFO     | hcpdiff.loggers.cli_logger:_log:35 - Step = [6860/10000], Epoch = [3/6]<1553/1769>, LR_model = 3.86e-07, LR_word = 0.00e+00, Loss = 0.18249
2025-05-12 01:08:32.305 | INFO     | hcpdiff.loggers.cli_logger:_log:35 - Step = [6880/10000], Epoch = [3/6]<1573/1769>, LR_model = 3.82e-07, LR_word = 0.00e+00, Loss = 0.19017
2025-05-12 01:08:55.199 | INFO     | hcpdiff.loggers.cli_logger:_log:35 - Step = [6900/10000], Epoch = [3/6]<1593/1769>, LR_model = 3.77e-07, LR_word = 0.00e+00, Loss = 0.16384
2025-05-12 01:09:17.971 | INFO     | hcpdiff.loggers.cli_logger:_log:35 - Step = [6920/10000], Epoch = [3/6]<1613/1769>, LR_model = 3.73e-07, LR_word = 0.00e+00, Loss = 0.16443
2025-05-12 01:09:41.002 | INFO     | hcpdiff.loggers.cli_logger:_log:35 - Step = [6940/10000], Epoch = [3/6]<1633/1769>, LR_model = 3.68e-07, LR_word = 0.00e+00, Loss = 0.18106
2025-05-12 01:10:04.124 | INFO     | hcpdiff.loggers.cli_logger:_log:35 - Step = [6960/10000], Epoch = [3/6]<1653/1769>, LR_model = 3.64e-07, LR_word = 0.00e+00, Loss = 0.18373
2025-05-12 01:10:26.968 | INFO     | hcpdiff.loggers.cli_logger:_log:35 - Step = [6980/10000], Epoch = [3/6]<1673/1769>, LR_model = 3.60e-07, LR_word = 0.00e+00, Loss = 0.17952
2025-05-12 01:11:02.016 | INFO     | hcpdiff.loggers.cli_logger:_info:32 - Saved state, step: 7000
2025-05-12 01:11:02.018 | INFO     | hcpdiff.loggers.cli_logger:_log:35 - Step = [7000/10000], Epoch = [3/6]<1693/1769>, LR_model = 3.55e-07, LR_word = 0.00e+00, Loss = 0.19143
2025-05-12 01:11:24.484 | INFO     | hcpdiff.loggers.cli_logger:_log:35 - Step = [7020/10000], Epoch = [3/6]<1713/1769>, LR_model = 3.51e-07, LR_word = 0.00e+00, Loss = 0.16659
2025-05-12 01:11:46.801 | INFO     | hcpdiff.loggers.cli_logger:_log:35 - Step = [7040/10000], Epoch = [3/6]<1733/1769>, LR_model = 3.47e-07, LR_word = 0.00e+00, Loss = 0.16609
2025-05-12 01:12:09.590 | INFO     | hcpdiff.loggers.cli_logger:_log:35 - Step = [7060/10000], Epoch = [3/6]<1753/1769>, LR_model = 3.42e-07, LR_word = 0.00e+00, Loss = 0.19203
2025-05-12 01:12:34.391 | INFO     | hcpdiff.loggers.cli_logger:_log:35 - Step = [7080/10000], Epoch = [4/6]<4/1769>, LR_model = 3.38e-07, LR_word = 0.00e+00, Loss = 0.20949
2025-05-12 01:12:57.146 | INFO     | hcpdiff.loggers.cli_logger:_log:35 - Step = [7100/10000], Epoch = [4/6]<24/1769>, LR_model = 3.34e-07, LR_word = 0.00e+00, Loss = 0.20042
2025-05-12 01:13:20.232 | INFO     | hcpdiff.loggers.cli_logger:_log:35 - Step = [7120/10000], Epoch = [4/6]<44/1769>, LR_model = 3.30e-07, LR_word = 0.00e+00, Loss = 0.20515
2025-05-12 01:13:43.240 | INFO     | hcpdiff.loggers.cli_logger:_log:35 - Step = [7140/10000], Epoch = [4/6]<64/1769>, LR_model = 3.25e-07, LR_word = 0.00e+00, Loss = 0.18856
2025-05-12 01:14:06.174 | INFO     | hcpdiff.loggers.cli_logger:_log:35 - Step = [7160/10000], Epoch = [4/6]<84/1769>, LR_model = 3.21e-07, LR_word = 0.00e+00, Loss = 0.17068
2025-05-12 01:14:29.193 | INFO     | hcpdiff.loggers.cli_logger:_log:35 - Step = [7180/10000], Epoch = [4/6]<104/1769>, LR_model = 3.17e-07, LR_word = 0.00e+00, Loss = 0.17157
2025-05-12 01:14:52.413 | INFO     | hcpdiff.loggers.cli_logger:_log:35 - Step = [7200/10000], Epoch = [4/6]<124/1769>, LR_model = 3.13e-07, LR_word = 0.00e+00, Loss = 0.18449
2025-05-12 01:15:15.412 | INFO     | hcpdiff.loggers.cli_logger:_log:35 - Step = [7220/10000], Epoch = [4/6]<144/1769>, LR_model = 3.09e-07, LR_word = 0.00e+00, Loss = 0.18081
2025-05-12 01:15:38.540 | INFO     | hcpdiff.loggers.cli_logger:_log:35 - Step = [7240/10000], Epoch = [4/6]<164/1769>, LR_model = 3.05e-07, LR_word = 0.00e+00, Loss = 0.17898
2025-05-12 01:16:01.478 | INFO     | hcpdiff.loggers.cli_logger:_log:35 - Step = [7260/10000], Epoch = [4/6]<184/1769>, LR_model = 3.00e-07, LR_word = 0.00e+00, Loss = 0.18943
2025-05-12 01:16:24.618 | INFO     | hcpdiff.loggers.cli_logger:_log:35 - Step = [7280/10000], Epoch = [4/6]<204/1769>, LR_model = 2.96e-07, LR_word = 0.00e+00, Loss = 0.17283
2025-05-12 01:16:47.766 | INFO     | hcpdiff.loggers.cli_logger:_log:35 - Step = [7300/10000], Epoch = [4/6]<224/1769>, LR_model = 2.92e-07, LR_word = 0.00e+00, Loss = 0.18366
2025-05-12 01:17:10.678 | INFO     | hcpdiff.loggers.cli_logger:_log:35 - Step = [7320/10000], Epoch = [4/6]<244/1769>, LR_model = 2.88e-07, LR_word = 0.00e+00, Loss = 0.16956
2025-05-12 01:17:33.833 | INFO     | hcpdiff.loggers.cli_logger:_log:35 - Step = [7340/10000], Epoch = [4/6]<264/1769>, LR_model = 2.84e-07, LR_word = 0.00e+00, Loss = 0.16636
2025-05-12 01:17:56.907 | INFO     | hcpdiff.loggers.cli_logger:_log:35 - Step = [7360/10000], Epoch = [4/6]<284/1769>, LR_model = 2.80e-07, LR_word = 0.00e+00, Loss = 0.18627
2025-05-12 01:18:19.846 | INFO     | hcpdiff.loggers.cli_logger:_log:35 - Step = [7380/10000], Epoch = [4/6]<304/1769>, LR_model = 2.76e-07, LR_word = 0.00e+00, Loss = 0.17518
2025-05-12 01:18:42.931 | INFO     | hcpdiff.loggers.cli_logger:_log:35 - Step = [7400/10000], Epoch = [4/6]<324/1769>, LR_model = 2.72e-07, LR_word = 0.00e+00, Loss = 0.17912
2025-05-12 01:19:05.824 | INFO     | hcpdiff.loggers.cli_logger:_log:35 - Step = [7420/10000], Epoch = [4/6]<344/1769>, LR_model = 2.68e-07, LR_word = 0.00e+00, Loss = 0.18041
2025-05-12 01:19:28.627 | INFO     | hcpdiff.loggers.cli_logger:_log:35 - Step = [7440/10000], Epoch = [4/6]<364/1769>, LR_model = 2.65e-07, LR_word = 0.00e+00, Loss = 0.18663
2025-05-12 01:19:51.708 | INFO     | hcpdiff.loggers.cli_logger:_log:35 - Step = [7460/10000], Epoch = [4/6]<384/1769>, LR_model = 2.61e-07, LR_word = 0.00e+00, Loss = 0.17710
2025-05-12 01:20:14.746 | INFO     | hcpdiff.loggers.cli_logger:_log:35 - Step = [7480/10000], Epoch = [4/6]<404/1769>, LR_model = 2.57e-07, LR_word = 0.00e+00, Loss = 0.20600
2025-05-12 01:20:37.624 | INFO     | hcpdiff.loggers.cli_logger:_log:35 - Step = [7500/10000], Epoch = [4/6]<424/1769>, LR_model = 2.53e-07, LR_word = 0.00e+00, Loss = 0.18537
2025-05-12 01:21:00.605 | INFO     | hcpdiff.loggers.cli_logger:_log:35 - Step = [7520/10000], Epoch = [4/6]<444/1769>, LR_model = 2.49e-07, LR_word = 0.00e+00, Loss = 0.17892
2025-05-12 01:21:23.625 | INFO     | hcpdiff.loggers.cli_logger:_log:35 - Step = [7540/10000], Epoch = [4/6]<464/1769>, LR_model = 2.45e-07, LR_word = 0.00e+00, Loss = 0.16679
2025-05-12 01:21:46.524 | INFO     | hcpdiff.loggers.cli_logger:_log:35 - Step = [7560/10000], Epoch = [4/6]<484/1769>, LR_model = 2.42e-07, LR_word = 0.00e+00, Loss = 0.18190
2025-05-12 01:22:09.800 | INFO     | hcpdiff.loggers.cli_logger:_log:35 - Step = [7580/10000], Epoch = [4/6]<504/1769>, LR_model = 2.38e-07, LR_word = 0.00e+00, Loss = 0.18596
2025-05-12 01:22:32.859 | INFO     | hcpdiff.loggers.cli_logger:_log:35 - Step = [7600/10000], Epoch = [4/6]<524/1769>, LR_model = 2.34e-07, LR_word = 0.00e+00, Loss = 0.19262
2025-05-12 01:22:55.849 | INFO     | hcpdiff.loggers.cli_logger:_log:35 - Step = [7620/10000], Epoch = [4/6]<544/1769>, LR_model = 2.30e-07, LR_word = 0.00e+00, Loss = 0.18217
2025-05-12 01:23:18.935 | INFO     | hcpdiff.loggers.cli_logger:_log:35 - Step = [7640/10000], Epoch = [4/6]<564/1769>, LR_model = 2.27e-07, LR_word = 0.00e+00, Loss = 0.18490
2025-05-12 01:23:41.976 | INFO     | hcpdiff.loggers.cli_logger:_log:35 - Step = [7660/10000], Epoch = [4/6]<584/1769>, LR_model = 2.23e-07, LR_word = 0.00e+00, Loss = 0.17448
2025-05-12 01:24:04.831 | INFO     | hcpdiff.loggers.cli_logger:_log:35 - Step = [7680/10000], Epoch = [4/6]<604/1769>, LR_model = 2.20e-07, LR_word = 0.00e+00, Loss = 0.19318
2025-05-12 01:24:27.898 | INFO     | hcpdiff.loggers.cli_logger:_log:35 - Step = [7700/10000], Epoch = [4/6]<624/1769>, LR_model = 2.16e-07, LR_word = 0.00e+00, Loss = 0.18237
2025-05-12 01:24:51.358 | INFO     | hcpdiff.loggers.cli_logger:_log:35 - Step = [7720/10000], Epoch = [4/6]<644/1769>, LR_model = 2.12e-07, LR_word = 0.00e+00, Loss = 0.18404
2025-05-12 01:25:14.392 | INFO     | hcpdiff.loggers.cli_logger:_log:35 - Step = [7740/10000], Epoch = [4/6]<664/1769>, LR_model = 2.09e-07, LR_word = 0.00e+00, Loss = 0.18091
2025-05-12 01:25:37.621 | INFO     | hcpdiff.loggers.cli_logger:_log:35 - Step = [7760/10000], Epoch = [4/6]<684/1769>, LR_model = 2.05e-07, LR_word = 0.00e+00, Loss = 0.19967
2025-05-12 01:26:00.947 | INFO     | hcpdiff.loggers.cli_logger:_log:35 - Step = [7780/10000], Epoch = [4/6]<704/1769>, LR_model = 2.02e-07, LR_word = 0.00e+00, Loss = 0.19531
2025-05-12 01:26:23.998 | INFO     | hcpdiff.loggers.cli_logger:_log:35 - Step = [7800/10000], Epoch = [4/6]<724/1769>, LR_model = 1.98e-07, LR_word = 0.00e+00, Loss = 0.18831
2025-05-12 01:26:47.186 | INFO     | hcpdiff.loggers.cli_logger:_log:35 - Step = [7820/10000], Epoch = [4/6]<744/1769>, LR_model = 1.95e-07, LR_word = 0.00e+00, Loss = 0.19101
2025-05-12 01:27:10.377 | INFO     | hcpdiff.loggers.cli_logger:_log:35 - Step = [7840/10000], Epoch = [4/6]<764/1769>, LR_model = 1.92e-07, LR_word = 0.00e+00, Loss = 0.18098
2025-05-12 01:27:33.423 | INFO     | hcpdiff.loggers.cli_logger:_log:35 - Step = [7860/10000], Epoch = [4/6]<784/1769>, LR_model = 1.88e-07, LR_word = 0.00e+00, Loss = 0.19079
2025-05-12 01:27:56.642 | INFO     | hcpdiff.loggers.cli_logger:_log:35 - Step = [7880/10000], Epoch = [4/6]<804/1769>, LR_model = 1.85e-07, LR_word = 0.00e+00, Loss = 0.19155
2025-05-12 01:28:19.817 | INFO     | hcpdiff.loggers.cli_logger:_log:35 - Step = [7900/10000], Epoch = [4/6]<824/1769>, LR_model = 1.81e-07, LR_word = 0.00e+00, Loss = 0.18775
2025-05-12 01:28:42.865 | INFO     | hcpdiff.loggers.cli_logger:_log:35 - Step = [7920/10000], Epoch = [4/6]<844/1769>, LR_model = 1.78e-07, LR_word = 0.00e+00, Loss = 0.19824
2025-05-12 01:29:05.984 | INFO     | hcpdiff.loggers.cli_logger:_log:35 - Step = [7940/10000], Epoch = [4/6]<864/1769>, LR_model = 1.75e-07, LR_word = 0.00e+00, Loss = 0.18696
2025-05-12 01:29:29.057 | INFO     | hcpdiff.loggers.cli_logger:_log:35 - Step = [7960/10000], Epoch = [4/6]<884/1769>, LR_model = 1.72e-07, LR_word = 0.00e+00, Loss = 0.19453
2025-05-12 01:29:52.116 | INFO     | hcpdiff.loggers.cli_logger:_log:35 - Step = [7980/10000], Epoch = [4/6]<904/1769>, LR_model = 1.68e-07, LR_word = 0.00e+00, Loss = 0.19265
2025-05-12 01:30:27.830 | INFO     | hcpdiff.loggers.cli_logger:_info:32 - Saved state, step: 8000
2025-05-12 01:30:27.831 | INFO     | hcpdiff.loggers.cli_logger:_log:35 - Step = [8000/10000], Epoch = [4/6]<924/1769>, LR_model = 1.65e-07, LR_word = 0.00e+00, Loss = 0.18821
2025-05-12 01:30:49.988 | INFO     | hcpdiff.loggers.cli_logger:_log:35 - Step = [8020/10000], Epoch = [4/6]<944/1769>, LR_model = 1.62e-07, LR_word = 0.00e+00, Loss = 0.17625
2025-05-12 01:31:12.520 | INFO     | hcpdiff.loggers.cli_logger:_log:35 - Step = [8040/10000], Epoch = [4/6]<964/1769>, LR_model = 1.59e-07, LR_word = 0.00e+00, Loss = 0.19722
2025-05-12 01:31:35.450 | INFO     | hcpdiff.loggers.cli_logger:_log:35 - Step = [8060/10000], Epoch = [4/6]<984/1769>, LR_model = 1.56e-07, LR_word = 0.00e+00, Loss = 0.18953
2025-05-12 01:31:58.337 | INFO     | hcpdiff.loggers.cli_logger:_log:35 - Step = [8080/10000], Epoch = [4/6]<1004/1769>, LR_model = 1.53e-07, LR_word = 0.00e+00, Loss = 0.19161
2025-05-12 01:32:21.366 | INFO     | hcpdiff.loggers.cli_logger:_log:35 - Step = [8100/10000], Epoch = [4/6]<1024/1769>, LR_model = 1.50e-07, LR_word = 0.00e+00, Loss = 0.18457
2025-05-12 01:32:44.299 | INFO     | hcpdiff.loggers.cli_logger:_log:35 - Step = [8120/10000], Epoch = [4/6]<1044/1769>, LR_model = 1.47e-07, LR_word = 0.00e+00, Loss = 0.17675
2025-05-12 01:33:07.288 | INFO     | hcpdiff.loggers.cli_logger:_log:35 - Step = [8140/10000], Epoch = [4/6]<1064/1769>, LR_model = 1.44e-07, LR_word = 0.00e+00, Loss = 0.17334
2025-05-12 01:33:30.386 | INFO     | hcpdiff.loggers.cli_logger:_log:35 - Step = [8160/10000], Epoch = [4/6]<1084/1769>, LR_model = 1.41e-07, LR_word = 0.00e+00, Loss = 0.19167
2025-05-12 01:33:53.519 | INFO     | hcpdiff.loggers.cli_logger:_log:35 - Step = [8180/10000], Epoch = [4/6]<1104/1769>, LR_model = 1.38e-07, LR_word = 0.00e+00, Loss = 0.17483
2025-05-12 01:34:16.431 | INFO     | hcpdiff.loggers.cli_logger:_log:35 - Step = [8200/10000], Epoch = [4/6]<1124/1769>, LR_model = 1.35e-07, LR_word = 0.00e+00, Loss = 0.18103
2025-05-12 01:34:39.413 | INFO     | hcpdiff.loggers.cli_logger:_log:35 - Step = [8220/10000], Epoch = [4/6]<1144/1769>, LR_model = 1.32e-07, LR_word = 0.00e+00, Loss = 0.19209
2025-05-12 01:35:02.546 | INFO     | hcpdiff.loggers.cli_logger:_log:35 - Step = [8240/10000], Epoch = [4/6]<1164/1769>, LR_model = 1.29e-07, LR_word = 0.00e+00, Loss = 0.20079
2025-05-12 01:35:25.499 | INFO     | hcpdiff.loggers.cli_logger:_log:35 - Step = [8260/10000], Epoch = [4/6]<1184/1769>, LR_model = 1.26e-07, LR_word = 0.00e+00, Loss = 0.17535
2025-05-12 01:35:48.625 | INFO     | hcpdiff.loggers.cli_logger:_log:35 - Step = [8280/10000], Epoch = [4/6]<1204/1769>, LR_model = 1.23e-07, LR_word = 0.00e+00, Loss = 0.18525
2025-05-12 01:36:11.869 | INFO     | hcpdiff.loggers.cli_logger:_log:35 - Step = [8300/10000], Epoch = [4/6]<1224/1769>, LR_model = 1.21e-07, LR_word = 0.00e+00, Loss = 0.19981
2025-05-12 01:36:34.815 | INFO     | hcpdiff.loggers.cli_logger:_log:35 - Step = [8320/10000], Epoch = [4/6]<1244/1769>, LR_model = 1.18e-07, LR_word = 0.00e+00, Loss = 0.19607
2025-05-12 01:36:57.839 | INFO     | hcpdiff.loggers.cli_logger:_log:35 - Step = [8340/10000], Epoch = [4/6]<1264/1769>, LR_model = 1.15e-07, LR_word = 0.00e+00, Loss = 0.20162
2025-05-12 01:37:20.991 | INFO     | hcpdiff.loggers.cli_logger:_log:35 - Step = [8360/10000], Epoch = [4/6]<1284/1769>, LR_model = 1.12e-07, LR_word = 0.00e+00, Loss = 0.20311
2025-05-12 01:37:43.853 | INFO     | hcpdiff.loggers.cli_logger:_log:35 - Step = [8380/10000], Epoch = [4/6]<1304/1769>, LR_model = 1.10e-07, LR_word = 0.00e+00, Loss = 0.18708
2025-05-12 01:38:06.767 | INFO     | hcpdiff.loggers.cli_logger:_log:35 - Step = [8400/10000], Epoch = [4/6]<1324/1769>, LR_model = 1.07e-07, LR_word = 0.00e+00, Loss = 0.18316
2025-05-12 01:38:29.868 | INFO     | hcpdiff.loggers.cli_logger:_log:35 - Step = [8420/10000], Epoch = [4/6]<1344/1769>, LR_model = 1.04e-07, LR_word = 0.00e+00, Loss = 0.17761
2025-05-12 01:38:52.676 | INFO     | hcpdiff.loggers.cli_logger:_log:35 - Step = [8440/10000], Epoch = [4/6]<1364/1769>, LR_model = 1.02e-07, LR_word = 0.00e+00, Loss = 0.18717
2025-05-12 01:39:15.735 | INFO     | hcpdiff.loggers.cli_logger:_log:35 - Step = [8460/10000], Epoch = [4/6]<1384/1769>, LR_model = 9.93e-08, LR_word = 0.00e+00, Loss = 0.19013
2025-05-12 01:39:38.618 | INFO     | hcpdiff.loggers.cli_logger:_log:35 - Step = [8480/10000], Epoch = [4/6]<1404/1769>, LR_model = 9.68e-08, LR_word = 0.00e+00, Loss = 0.19314
2025-05-12 01:40:01.417 | INFO     | hcpdiff.loggers.cli_logger:_log:35 - Step = [8500/10000], Epoch = [4/6]<1424/1769>, LR_model = 9.43e-08, LR_word = 0.00e+00, Loss = 0.19212
2025-05-12 01:40:24.478 | INFO     | hcpdiff.loggers.cli_logger:_log:35 - Step = [8520/10000], Epoch = [4/6]<1444/1769>, LR_model = 9.19e-08, LR_word = 0.00e+00, Loss = 0.18957
2025-05-12 01:40:47.437 | INFO     | hcpdiff.loggers.cli_logger:_log:35 - Step = [8540/10000], Epoch = [4/6]<1464/1769>, LR_model = 8.95e-08, LR_word = 0.00e+00, Loss = 0.18687
2025-05-12 01:41:10.308 | INFO     | hcpdiff.loggers.cli_logger:_log:35 - Step = [8560/10000], Epoch = [4/6]<1484/1769>, LR_model = 8.71e-08, LR_word = 0.00e+00, Loss = 0.18476
2025-05-12 01:41:33.368 | INFO     | hcpdiff.loggers.cli_logger:_log:35 - Step = [8580/10000], Epoch = [4/6]<1504/1769>, LR_model = 8.47e-08, LR_word = 0.00e+00, Loss = 0.17923
2025-05-12 01:41:56.467 | INFO     | hcpdiff.loggers.cli_logger:_log:35 - Step = [8600/10000], Epoch = [4/6]<1524/1769>, LR_model = 8.24e-08, LR_word = 0.00e+00, Loss = 0.18162
2025-05-12 01:42:19.393 | INFO     | hcpdiff.loggers.cli_logger:_log:35 - Step = [8620/10000], Epoch = [4/6]<1544/1769>, LR_model = 8.01e-08, LR_word = 0.00e+00, Loss = 0.19778
2025-05-12 01:42:42.527 | INFO     | hcpdiff.loggers.cli_logger:_log:35 - Step = [8640/10000], Epoch = [4/6]<1564/1769>, LR_model = 7.78e-08, LR_word = 0.00e+00, Loss = 0.18906
2025-05-12 01:43:05.473 | INFO     | hcpdiff.loggers.cli_logger:_log:35 - Step = [8660/10000], Epoch = [4/6]<1584/1769>, LR_model = 7.56e-08, LR_word = 0.00e+00, Loss = 0.18579
2025-05-12 01:43:28.495 | INFO     | hcpdiff.loggers.cli_logger:_log:35 - Step = [8680/10000], Epoch = [4/6]<1604/1769>, LR_model = 7.34e-08, LR_word = 0.00e+00, Loss = 0.17661
2025-05-12 01:43:51.740 | INFO     | hcpdiff.loggers.cli_logger:_log:35 - Step = [8700/10000], Epoch = [4/6]<1624/1769>, LR_model = 7.12e-08, LR_word = 0.00e+00, Loss = 0.19070
2025-05-12 01:44:14.963 | INFO     | hcpdiff.loggers.cli_logger:_log:35 - Step = [8720/10000], Epoch = [4/6]<1644/1769>, LR_model = 6.91e-08, LR_word = 0.00e+00, Loss = 0.19220
2025-05-12 01:44:38.016 | INFO     | hcpdiff.loggers.cli_logger:_log:35 - Step = [8740/10000], Epoch = [4/6]<1664/1769>, LR_model = 6.70e-08, LR_word = 0.00e+00, Loss = 0.17061
2025-05-12 01:45:01.019 | INFO     | hcpdiff.loggers.cli_logger:_log:35 - Step = [8760/10000], Epoch = [4/6]<1684/1769>, LR_model = 6.49e-08, LR_word = 0.00e+00, Loss = 0.17125
2025-05-12 01:45:24.009 | INFO     | hcpdiff.loggers.cli_logger:_log:35 - Step = [8780/10000], Epoch = [4/6]<1704/1769>, LR_model = 6.28e-08, LR_word = 0.00e+00, Loss = 0.17983
2025-05-12 01:45:47.305 | INFO     | hcpdiff.loggers.cli_logger:_log:35 - Step = [8800/10000], Epoch = [4/6]<1724/1769>, LR_model = 6.08e-08, LR_word = 0.00e+00, Loss = 0.18572
2025-05-12 01:46:10.600 | INFO     | hcpdiff.loggers.cli_logger:_log:35 - Step = [8820/10000], Epoch = [4/6]<1744/1769>, LR_model = 5.88e-08, LR_word = 0.00e+00, Loss = 0.18501
2025-05-12 01:46:33.611 | INFO     | hcpdiff.loggers.cli_logger:_log:35 - Step = [8840/10000], Epoch = [4/6]<1764/1769>, LR_model = 5.69e-08, LR_word = 0.00e+00, Loss = 0.18596
2025-05-12 01:46:58.291 | INFO     | hcpdiff.loggers.cli_logger:_log:35 - Step = [8860/10000], Epoch = [5/6]<15/1769>, LR_model = 5.49e-08, LR_word = 0.00e+00, Loss = 0.18156
2025-05-12 01:47:21.505 | INFO     | hcpdiff.loggers.cli_logger:_log:35 - Step = [8880/10000], Epoch = [5/6]<35/1769>, LR_model = 5.30e-08, LR_word = 0.00e+00, Loss = 0.19807
2025-05-12 01:47:44.502 | INFO     | hcpdiff.loggers.cli_logger:_log:35 - Step = [8900/10000], Epoch = [5/6]<55/1769>, LR_model = 5.12e-08, LR_word = 0.00e+00, Loss = 0.20150
2025-05-12 01:48:07.638 | INFO     | hcpdiff.loggers.cli_logger:_log:35 - Step = [8920/10000], Epoch = [5/6]<75/1769>, LR_model = 4.94e-08, LR_word = 0.00e+00, Loss = 0.20447
2025-05-12 01:48:30.801 | INFO     | hcpdiff.loggers.cli_logger:_log:35 - Step = [8940/10000], Epoch = [5/6]<95/1769>, LR_model = 4.76e-08, LR_word = 0.00e+00, Loss = 0.19249
2025-05-12 01:48:53.697 | INFO     | hcpdiff.loggers.cli_logger:_log:35 - Step = [8960/10000], Epoch = [5/6]<115/1769>, LR_model = 4.58e-08, LR_word = 0.00e+00, Loss = 0.17706
2025-05-12 01:49:16.907 | INFO     | hcpdiff.loggers.cli_logger:_log:35 - Step = [8980/10000], Epoch = [5/6]<135/1769>, LR_model = 4.41e-08, LR_word = 0.00e+00, Loss = 0.17499
2025-05-12 01:49:51.693 | INFO     | hcpdiff.loggers.cli_logger:_info:32 - Saved state, step: 9000
2025-05-12 01:49:51.694 | INFO     | hcpdiff.loggers.cli_logger:_log:35 - Step = [9000/10000], Epoch = [5/6]<155/1769>, LR_model = 4.24e-08, LR_word = 0.00e+00, Loss = 0.18894
2025-05-12 01:50:13.827 | INFO     | hcpdiff.loggers.cli_logger:_log:35 - Step = [9020/10000], Epoch = [5/6]<175/1769>, LR_model = 4.07e-08, LR_word = 0.00e+00, Loss = 0.18875
2025-05-12 01:50:36.349 | INFO     | hcpdiff.loggers.cli_logger:_log:35 - Step = [9040/10000], Epoch = [5/6]<195/1769>, LR_model = 3.91e-08, LR_word = 0.00e+00, Loss = 0.18423
2025-05-12 01:50:59.385 | INFO     | hcpdiff.loggers.cli_logger:_log:35 - Step = [9060/10000], Epoch = [5/6]<215/1769>, LR_model = 3.75e-08, LR_word = 0.00e+00, Loss = 0.19851
2025-05-12 01:51:22.264 | INFO     | hcpdiff.loggers.cli_logger:_log:35 - Step = [9080/10000], Epoch = [5/6]<235/1769>, LR_model = 3.59e-08, LR_word = 0.00e+00, Loss = 0.18787
2025-05-12 01:51:45.391 | INFO     | hcpdiff.loggers.cli_logger:_log:35 - Step = [9100/10000], Epoch = [5/6]<255/1769>, LR_model = 3.44e-08, LR_word = 0.00e+00, Loss = 0.18124
2025-05-12 01:52:08.404 | INFO     | hcpdiff.loggers.cli_logger:_log:35 - Step = [9120/10000], Epoch = [5/6]<275/1769>, LR_model = 3.29e-08, LR_word = 0.00e+00, Loss = 0.19264
2025-05-12 01:52:31.328 | INFO     | hcpdiff.loggers.cli_logger:_log:35 - Step = [9140/10000], Epoch = [5/6]<295/1769>, LR_model = 3.14e-08, LR_word = 0.00e+00, Loss = 0.17520
2025-05-12 01:52:54.616 | INFO     | hcpdiff.loggers.cli_logger:_log:35 - Step = [9160/10000], Epoch = [5/6]<315/1769>, LR_model = 3.00e-08, LR_word = 0.00e+00, Loss = 0.17737
2025-05-12 01:53:17.838 | INFO     | hcpdiff.loggers.cli_logger:_log:35 - Step = [9180/10000], Epoch = [5/6]<335/1769>, LR_model = 2.86e-08, LR_word = 0.00e+00, Loss = 0.18853
2025-05-12 01:53:40.881 | INFO     | hcpdiff.loggers.cli_logger:_log:35 - Step = [9200/10000], Epoch = [5/6]<355/1769>, LR_model = 2.72e-08, LR_word = 0.00e+00, Loss = 0.17780
2025-05-12 01:54:04.030 | INFO     | hcpdiff.loggers.cli_logger:_log:35 - Step = [9220/10000], Epoch = [5/6]<375/1769>, LR_model = 2.59e-08, LR_word = 0.00e+00, Loss = 0.20478
2025-05-12 01:54:27.269 | INFO     | hcpdiff.loggers.cli_logger:_log:35 - Step = [9240/10000], Epoch = [5/6]<395/1769>, LR_model = 2.46e-08, LR_word = 0.00e+00, Loss = 0.19957
2025-05-12 01:54:50.269 | INFO     | hcpdiff.loggers.cli_logger:_log:35 - Step = [9260/10000], Epoch = [5/6]<415/1769>, LR_model = 2.33e-08, LR_word = 0.00e+00, Loss = 0.17570
2025-05-12 01:55:13.467 | INFO     | hcpdiff.loggers.cli_logger:_log:35 - Step = [9280/10000], Epoch = [5/6]<435/1769>, LR_model = 2.20e-08, LR_word = 0.00e+00, Loss = 0.17972
2025-05-12 01:55:36.488 | INFO     | hcpdiff.loggers.cli_logger:_log:35 - Step = [9300/10000], Epoch = [5/6]<455/1769>, LR_model = 2.08e-08, LR_word = 0.00e+00, Loss = 0.19465
2025-05-12 01:55:59.622 | INFO     | hcpdiff.loggers.cli_logger:_log:35 - Step = [9320/10000], Epoch = [5/6]<475/1769>, LR_model = 1.97e-08, LR_word = 0.00e+00, Loss = 0.18199
2025-05-12 01:56:22.913 | INFO     | hcpdiff.loggers.cli_logger:_log:35 - Step = [9340/10000], Epoch = [5/6]<495/1769>, LR_model = 1.85e-08, LR_word = 0.00e+00, Loss = 0.20918
2025-05-12 01:56:46.226 | INFO     | hcpdiff.loggers.cli_logger:_log:35 - Step = [9360/10000], Epoch = [5/6]<515/1769>, LR_model = 1.74e-08, LR_word = 0.00e+00, Loss = 0.18329
2025-05-12 01:57:09.236 | INFO     | hcpdiff.loggers.cli_logger:_log:35 - Step = [9380/10000], Epoch = [5/6]<535/1769>, LR_model = 1.64e-08, LR_word = 0.00e+00, Loss = 0.19650
2025-05-12 01:57:32.620 | INFO     | hcpdiff.loggers.cli_logger:_log:35 - Step = [9400/10000], Epoch = [5/6]<555/1769>, LR_model = 1.53e-08, LR_word = 0.00e+00, Loss = 0.18679
2025-05-12 01:57:55.690 | INFO     | hcpdiff.loggers.cli_logger:_log:35 - Step = [9420/10000], Epoch = [5/6]<575/1769>, LR_model = 1.43e-08, LR_word = 0.00e+00, Loss = 0.19564
2025-05-12 01:58:18.978 | INFO     | hcpdiff.loggers.cli_logger:_log:35 - Step = [9440/10000], Epoch = [5/6]<595/1769>, LR_model = 1.34e-08, LR_word = 0.00e+00, Loss = 0.20040
2025-05-12 01:58:42.280 | INFO     | hcpdiff.loggers.cli_logger:_log:35 - Step = [9460/10000], Epoch = [5/6]<615/1769>, LR_model = 1.24e-08, LR_word = 0.00e+00, Loss = 0.18086
2025-05-12 01:59:05.388 | INFO     | hcpdiff.loggers.cli_logger:_log:35 - Step = [9480/10000], Epoch = [5/6]<635/1769>, LR_model = 1.15e-08, LR_word = 0.00e+00, Loss = 0.17213
2025-05-12 01:59:28.713 | INFO     | hcpdiff.loggers.cli_logger:_log:35 - Step = [9500/10000], Epoch = [5/6]<655/1769>, LR_model = 1.06e-08, LR_word = 0.00e+00, Loss = 0.16732
2025-05-12 01:59:52.069 | INFO     | hcpdiff.loggers.cli_logger:_log:35 - Step = [9520/10000], Epoch = [5/6]<675/1769>, LR_model = 9.81e-09, LR_word = 0.00e+00, Loss = 0.17893
2025-05-12 02:00:15.273 | INFO     | hcpdiff.loggers.cli_logger:_log:35 - Step = [9540/10000], Epoch = [5/6]<695/1769>, LR_model = 9.01e-09, LR_word = 0.00e+00, Loss = 0.18171
2025-05-12 02:00:38.743 | INFO     | hcpdiff.loggers.cli_logger:_log:35 - Step = [9560/10000], Epoch = [5/6]<715/1769>, LR_model = 8.25e-09, LR_word = 0.00e+00, Loss = 0.19067
2025-05-12 02:01:02.281 | INFO     | hcpdiff.loggers.cli_logger:_log:35 - Step = [9580/10000], Epoch = [5/6]<735/1769>, LR_model = 7.52e-09, LR_word = 0.00e+00, Loss = 0.18344
2025-05-12 02:01:25.410 | INFO     | hcpdiff.loggers.cli_logger:_log:35 - Step = [9600/10000], Epoch = [5/6]<755/1769>, LR_model = 6.82e-09, LR_word = 0.00e+00, Loss = 0.19656
2025-05-12 02:01:48.752 | INFO     | hcpdiff.loggers.cli_logger:_log:35 - Step = [9620/10000], Epoch = [5/6]<775/1769>, LR_model = 6.15e-09, LR_word = 0.00e+00, Loss = 0.19848
2025-05-12 02:02:12.175 | INFO     | hcpdiff.loggers.cli_logger:_log:35 - Step = [9640/10000], Epoch = [5/6]<795/1769>, LR_model = 5.52e-09, LR_word = 0.00e+00, Loss = 0.20132
2025-05-12 02:02:35.283 | INFO     | hcpdiff.loggers.cli_logger:_log:35 - Step = [9660/10000], Epoch = [5/6]<815/1769>, LR_model = 4.92e-09, LR_word = 0.00e+00, Loss = 0.17897
2025-05-12 02:02:58.586 | INFO     | hcpdiff.loggers.cli_logger:_log:35 - Step = [9680/10000], Epoch = [5/6]<835/1769>, LR_model = 4.36e-09, LR_word = 0.00e+00, Loss = 0.19663
2025-05-12 02:03:21.992 | INFO     | hcpdiff.loggers.cli_logger:_log:35 - Step = [9700/10000], Epoch = [5/6]<855/1769>, LR_model = 3.83e-09, LR_word = 0.00e+00, Loss = 0.17637
2025-05-12 02:03:45.207 | INFO     | hcpdiff.loggers.cli_logger:_log:35 - Step = [9720/10000], Epoch = [5/6]<875/1769>, LR_model = 3.34e-09, LR_word = 0.00e+00, Loss = 0.18419
2025-05-12 02:04:08.580 | INFO     | hcpdiff.loggers.cli_logger:_log:35 - Step = [9740/10000], Epoch = [5/6]<895/1769>, LR_model = 2.88e-09, LR_word = 0.00e+00, Loss = 0.16259
2025-05-12 02:04:31.843 | INFO     | hcpdiff.loggers.cli_logger:_log:35 - Step = [9760/10000], Epoch = [5/6]<915/1769>, LR_model = 2.45e-09, LR_word = 0.00e+00, Loss = 0.16382
2025-05-12 02:04:54.972 | INFO     | hcpdiff.loggers.cli_logger:_log:35 - Step = [9780/10000], Epoch = [5/6]<935/1769>, LR_model = 2.06e-09, LR_word = 0.00e+00, Loss = 0.18193
2025-05-12 02:05:18.466 | INFO     | hcpdiff.loggers.cli_logger:_log:35 - Step = [9800/10000], Epoch = [5/6]<955/1769>, LR_model = 1.70e-09, LR_word = 0.00e+00, Loss = 0.18838
2025-05-12 02:05:41.731 | INFO     | hcpdiff.loggers.cli_logger:_log:35 - Step = [9820/10000], Epoch = [5/6]<975/1769>, LR_model = 1.38e-09, LR_word = 0.00e+00, Loss = 0.19306
2025-05-12 02:06:04.760 | INFO     | hcpdiff.loggers.cli_logger:_log:35 - Step = [9840/10000], Epoch = [5/6]<995/1769>, LR_model = 1.09e-09, LR_word = 0.00e+00, Loss = 0.17563
2025-05-12 02:06:27.932 | INFO     | hcpdiff.loggers.cli_logger:_log:35 - Step = [9860/10000], Epoch = [5/6]<1015/1769>, LR_model = 8.34e-10, LR_word = 0.00e+00, Loss = 0.18349
2025-05-12 02:06:51.284 | INFO     | hcpdiff.loggers.cli_logger:_log:35 - Step = [9880/10000], Epoch = [5/6]<1035/1769>, LR_model = 6.13e-10, LR_word = 0.00e+00, Loss = 0.17871
2025-05-12 02:07:14.251 | INFO     | hcpdiff.loggers.cli_logger:_log:35 - Step = [9900/10000], Epoch = [5/6]<1055/1769>, LR_model = 4.26e-10, LR_word = 0.00e+00, Loss = 0.18577
2025-05-12 02:07:37.436 | INFO     | hcpdiff.loggers.cli_logger:_log:35 - Step = [9920/10000], Epoch = [5/6]<1075/1769>, LR_model = 2.74e-10, LR_word = 0.00e+00, Loss = 0.19372
2025-05-12 02:08:00.517 | INFO     | hcpdiff.loggers.cli_logger:_log:35 - Step = [9940/10000], Epoch = [5/6]<1095/1769>, LR_model = 1.56e-10, LR_word = 0.00e+00, Loss = 0.19080
2025-05-12 02:08:23.587 | INFO     | hcpdiff.loggers.cli_logger:_log:35 - Step = [9960/10000], Epoch = [5/6]<1115/1769>, LR_model = 7.16e-11, LR_word = 0.00e+00, Loss = 0.17423
2025-05-12 02:08:46.815 | INFO     | hcpdiff.loggers.cli_logger:_log:35 - Step = [9980/10000], Epoch = [5/6]<1135/1769>, LR_model = 2.19e-11, LR_word = 0.00e+00, Loss = 0.18582
2025-05-12 02:09:24.164 | INFO     | hcpdiff.loggers.cli_logger:_info:32 - Saved state, step: 10000
2025-05-12 02:09:24.165 | INFO     | hcpdiff.loggers.cli_logger:_log:35 - Step = [10000/10000], Epoch = [5/6]<1155/1769>, LR_model = 6.44e-12, LR_word = 0.00e+00, Loss = 0.20031
2025-05-12 02:09:42.280 | INFO     | hcpdiff.loggers.cli_logger:_info:32 - Saved state, step: 10000
